SF:/Users/canggih/Documents/Kedata/cleanstorage/dev-cleaner/src/app/actions.rs
FN:135,_RNCNCNCNCNCNvMNtNtCshVE6m5yoyjE_8devsweep3app7actionsNtNtBe_5state8DevSweep10start_scan00000Bg_
FN:150,_RNCNCNCNCNCNvMNtNtCshVE6m5yoyjE_8devsweep3app7actionsNtNtBe_5state8DevSweep10start_scan0000s_0Bg_
FN:128,_RNCNCNCNCNvMNtNtCshVE6m5yoyjE_8devsweep3app7actionsNtNtBc_5state8DevSweep10start_scan0000Be_
FN:371,_RNCNCNCNCNvMNtNtCshVE6m5yoyjE_8devsweep3app7actionsNtNtBc_5state8DevSweep11undo_record0000Be_
FN:331,_RNCNCNCNCNvMNtNtCshVE6m5yoyjE_8devsweep3app7actionsNtNtBc_5state8DevSweep15execute_cleanup0000Be_
FN:446,_RNCNCNCNCNvMNtNtCshVE6m5yoyjE_8devsweep3app7actionsNtNtBc_5state8DevSweep20clear_all_quarantine0000Be_
FN:411,_RNCNCNCNCNvMNtNtCshVE6m5yoyjE_8devsweep3app7actionsNtNtBc_5state8DevSweep22delete_quarantine_item0000Be_
FN:127,_RNCNCNCNvMNtNtCshVE6m5yoyjE_8devsweep3app7actionsNtNtBa_5state8DevSweep10start_scan000Bc_
FN:370,_RNCNCNCNvMNtNtCshVE6m5yoyjE_8devsweep3app7actionsNtNtBa_5state8DevSweep11undo_record000Bc_
FN:330,_RNCNCNCNvMNtNtCshVE6m5yoyjE_8devsweep3app7actionsNtNtBa_5state8DevSweep15execute_cleanup000Bc_
FN:445,_RNCNCNCNvMNtNtCshVE6m5yoyjE_8devsweep3app7actionsNtNtBa_5state8DevSweep20clear_all_quarantine000Bc_
FN:410,_RNCNCNCNvMNtNtCshVE6m5yoyjE_8devsweep3app7actionsNtNtBa_5state8DevSweep22delete_quarantine_item000Bc_
FN:114,_RNCNCNvMNtNtCshVE6m5yoyjE_8devsweep3app7actionsNtNtB8_5state8DevSweep10start_scan00Ba_
FN:251,_RNCNCNvMNtNtCshVE6m5yoyjE_8devsweep3app7actionsNtNtB8_5state8DevSweep11toggle_item00Ba_
FN:271,_RNCNCNvMNtNtCshVE6m5yoyjE_8devsweep3app7actionsNtNtB8_5state8DevSweep11toggle_items1_00Ba_
FN:364,_RNCNCNvMNtNtCshVE6m5yoyjE_8devsweep3app7actionsNtNtB8_5state8DevSweep11undo_record00Ba_
FN:324,_RNCNCNvMNtNtCshVE6m5yoyjE_8devsweep3app7actionsNtNtB8_5state8DevSweep15execute_cleanup00Ba_
FN:214,_RNCNCNvMNtNtCshVE6m5yoyjE_8devsweep3app7actionsNtNtB8_5state8DevSweep15toggle_categorys_00Ba_
FN:22,_RNCNCNvMNtNtCshVE6m5yoyjE_8devsweep3app7actionsNtNtB8_5state8DevSweep18refresh_quarantine00Ba_
FN:29,_RNCNCNvMNtNtCshVE6m5yoyjE_8devsweep3app7actionsNtNtB8_5state8DevSweep18refresh_quarantine0s_0Ba_
FN:48,_RNCNCNvMNtNtCshVE6m5yoyjE_8devsweep3app7actionsNtNtB8_5state8DevSweep18refresh_quarantines_00Ba_
FN:439,_RNCNCNvMNtNtCshVE6m5yoyjE_8devsweep3app7actionsNtNtB8_5state8DevSweep20clear_all_quarantine00Ba_
FN:404,_RNCNCNvMNtNtCshVE6m5yoyjE_8devsweep3app7actionsNtNtB8_5state8DevSweep22delete_quarantine_item00Ba_
FN:183,_RNCNvMNtNtCshVE6m5yoyjE_8devsweep3app7actionsNtNtB6_5state8DevSweep10start_scan0B8_
FN:249,_RNCNvMNtNtCshVE6m5yoyjE_8devsweep3app7actionsNtNtB6_5state8DevSweep11toggle_item0B8_
FN:261,_RNCNvMNtNtCshVE6m5yoyjE_8devsweep3app7actionsNtNtB6_5state8DevSweep11toggle_items0_0B8_
FN:268,_RNCNvMNtNtCshVE6m5yoyjE_8devsweep3app7actionsNtNtB6_5state8DevSweep11toggle_items1_0B8_
FN:255,_RNCNvMNtNtCshVE6m5yoyjE_8devsweep3app7actionsNtNtB6_5state8DevSweep11toggle_items_0B8_
FN:388,_RNCNvMNtNtCshVE6m5yoyjE_8devsweep3app7actionsNtNtB6_5state8DevSweep11undo_record0B8_
FN:347,_RNCNvMNtNtCshVE6m5yoyjE_8devsweep3app7actionsNtNtB6_5state8DevSweep15execute_cleanup0B8_
FN:203,_RNCNvMNtNtCshVE6m5yoyjE_8devsweep3app7actionsNtNtB6_5state8DevSweep15toggle_category0B8_
FN:210,_RNCNvMNtNtCshVE6m5yoyjE_8devsweep3app7actionsNtNtB6_5state8DevSweep15toggle_categorys_0B8_
FN:77,_RNCNvMNtNtCshVE6m5yoyjE_8devsweep3app7actionsNtNtB6_5state8DevSweep18refresh_cache_ttls0B8_
FN:81,_RNCNvMNtNtCshVE6m5yoyjE_8devsweep3app7actionsNtNtB6_5state8DevSweep18refresh_cache_ttlss_0B8_
FN:16,_RNCNvMNtNtCshVE6m5yoyjE_8devsweep3app7actionsNtNtB6_5state8DevSweep18refresh_quarantine0B8_
FN:47,_RNCNvMNtNtCshVE6m5yoyjE_8devsweep3app7actionsNtNtB6_5state8DevSweep18refresh_quarantines_0B8_
FN:463,_RNCNvMNtNtCshVE6m5yoyjE_8devsweep3app7actionsNtNtB6_5state8DevSweep20clear_all_quarantine0B8_
FN:428,_RNCNvMNtNtCshVE6m5yoyjE_8devsweep3app7actionsNtNtB6_5state8DevSweep22delete_quarantine_item0B8_
FN:279,_RNvMNtNtCshVE6m5yoyjE_8devsweep3app7actionsNtNtB4_5state8DevSweep10select_all
FN:93,_RNvMNtNtCshVE6m5yoyjE_8devsweep3app7actionsNtNtB4_5state8DevSweep10start_scan
FN:235,_RNvMNtNtCshVE6m5yoyjE_8devsweep3app7actionsNtNtB4_5state8DevSweep11toggle_item
FN:357,_RNvMNtNtCshVE6m5yoyjE_8devsweep3app7actionsNtNtB4_5state8DevSweep11undo_record
FN:293,_RNvMNtNtCshVE6m5yoyjE_8devsweep3app7actionsNtNtB4_5state8DevSweep12deselect_all
FN:310,_RNvMNtNtCshVE6m5yoyjE_8devsweep3app7actionsNtNtB4_5state8DevSweep15execute_cleanup
FN:187,_RNvMNtNtCshVE6m5yoyjE_8devsweep3app7actionsNtNtB4_5state8DevSweep15toggle_category
FN:71,_RNvMNtNtCshVE6m5yoyjE_8devsweep3app7actionsNtNtB4_5state8DevSweep18refresh_cache_ttls
FN:10,_RNvMNtNtCshVE6m5yoyjE_8devsweep3app7actionsNtNtB4_5state8DevSweep18refresh_quarantine
FN:432,_RNvMNtNtCshVE6m5yoyjE_8devsweep3app7actionsNtNtB4_5state8DevSweep20clear_all_quarantine
FN:467,_RNvMNtNtCshVE6m5yoyjE_8devsweep3app7actionsNtNtB4_5state8DevSweep20reset_cache_defaults
FN:392,_RNvMNtNtCshVE6m5yoyjE_8devsweep3app7actionsNtNtB4_5state8DevSweep22delete_quarantine_item
FN:229,_RNvMNtNtCshVE6m5yoyjE_8devsweep3app7actionsNtNtB4_5state8DevSweep22toggle_category_expand
FN:304,_RNvMNtNtCshVE6m5yoyjE_8devsweep3app7actionsNtNtB4_5state8DevSweep23update_selection_counts
FN:351,_RNvMNtNtCshVE6m5yoyjE_8devsweep3app7actionsNtNtB4_5state8DevSweep31toggle_quarantine_record_expand
FN:84,_RNvMNtNtCshVE6m5yoyjE_8devsweep3app7actionsNtNtB4_5state8DevSweep7set_tab
FN:135,_RNCNCNCNCNCNvMNtNtCs3mbXwXxPNJN_8devsweep3app7actionsNtNtBe_5state8DevSweep10start_scan00000Bg_
FN:150,_RNCNCNCNCNCNvMNtNtCs3mbXwXxPNJN_8devsweep3app7actionsNtNtBe_5state8DevSweep10start_scan0000s_0Bg_
FN:128,_RNCNCNCNCNvMNtNtCs3mbXwXxPNJN_8devsweep3app7actionsNtNtBc_5state8DevSweep10start_scan0000Be_
FN:371,_RNCNCNCNCNvMNtNtCs3mbXwXxPNJN_8devsweep3app7actionsNtNtBc_5state8DevSweep11undo_record0000Be_
FN:331,_RNCNCNCNCNvMNtNtCs3mbXwXxPNJN_8devsweep3app7actionsNtNtBc_5state8DevSweep15execute_cleanup0000Be_
FN:446,_RNCNCNCNCNvMNtNtCs3mbXwXxPNJN_8devsweep3app7actionsNtNtBc_5state8DevSweep20clear_all_quarantine0000Be_
FN:411,_RNCNCNCNCNvMNtNtCs3mbXwXxPNJN_8devsweep3app7actionsNtNtBc_5state8DevSweep22delete_quarantine_item0000Be_
FN:127,_RNCNCNCNvMNtNtCs3mbXwXxPNJN_8devsweep3app7actionsNtNtBa_5state8DevSweep10start_scan000Bc_
FN:370,_RNCNCNCNvMNtNtCs3mbXwXxPNJN_8devsweep3app7actionsNtNtBa_5state8DevSweep11undo_record000Bc_
FN:330,_RNCNCNCNvMNtNtCs3mbXwXxPNJN_8devsweep3app7actionsNtNtBa_5state8DevSweep15execute_cleanup000Bc_
FN:445,_RNCNCNCNvMNtNtCs3mbXwXxPNJN_8devsweep3app7actionsNtNtBa_5state8DevSweep20clear_all_quarantine000Bc_
FN:410,_RNCNCNCNvMNtNtCs3mbXwXxPNJN_8devsweep3app7actionsNtNtBa_5state8DevSweep22delete_quarantine_item000Bc_
FN:114,_RNCNCNvMNtNtCs3mbXwXxPNJN_8devsweep3app7actionsNtNtB8_5state8DevSweep10start_scan00Ba_
FN:251,_RNCNCNvMNtNtCs3mbXwXxPNJN_8devsweep3app7actionsNtNtB8_5state8DevSweep11toggle_item00Ba_
FN:271,_RNCNCNvMNtNtCs3mbXwXxPNJN_8devsweep3app7actionsNtNtB8_5state8DevSweep11toggle_items1_00Ba_
FN:364,_RNCNCNvMNtNtCs3mbXwXxPNJN_8devsweep3app7actionsNtNtB8_5state8DevSweep11undo_record00Ba_
FN:324,_RNCNCNvMNtNtCs3mbXwXxPNJN_8devsweep3app7actionsNtNtB8_5state8DevSweep15execute_cleanup00Ba_
FN:214,_RNCNCNvMNtNtCs3mbXwXxPNJN_8devsweep3app7actionsNtNtB8_5state8DevSweep15toggle_categorys_00Ba_
FN:22,_RNCNCNvMNtNtCs3mbXwXxPNJN_8devsweep3app7actionsNtNtB8_5state8DevSweep18refresh_quarantine00Ba_
FN:29,_RNCNCNvMNtNtCs3mbXwXxPNJN_8devsweep3app7actionsNtNtB8_5state8DevSweep18refresh_quarantine0s_0Ba_
FN:48,_RNCNCNvMNtNtCs3mbXwXxPNJN_8devsweep3app7actionsNtNtB8_5state8DevSweep18refresh_quarantines_00Ba_
FN:439,_RNCNCNvMNtNtCs3mbXwXxPNJN_8devsweep3app7actionsNtNtB8_5state8DevSweep20clear_all_quarantine00Ba_
FN:404,_RNCNCNvMNtNtCs3mbXwXxPNJN_8devsweep3app7actionsNtNtB8_5state8DevSweep22delete_quarantine_item00Ba_
FN:183,_RNCNvMNtNtCs3mbXwXxPNJN_8devsweep3app7actionsNtNtB6_5state8DevSweep10start_scan0B8_
FN:249,_RNCNvMNtNtCs3mbXwXxPNJN_8devsweep3app7actionsNtNtB6_5state8DevSweep11toggle_item0B8_
FN:261,_RNCNvMNtNtCs3mbXwXxPNJN_8devsweep3app7actionsNtNtB6_5state8DevSweep11toggle_items0_0B8_
FN:268,_RNCNvMNtNtCs3mbXwXxPNJN_8devsweep3app7actionsNtNtB6_5state8DevSweep11toggle_items1_0B8_
FN:255,_RNCNvMNtNtCs3mbXwXxPNJN_8devsweep3app7actionsNtNtB6_5state8DevSweep11toggle_items_0B8_
FN:388,_RNCNvMNtNtCs3mbXwXxPNJN_8devsweep3app7actionsNtNtB6_5state8DevSweep11undo_record0B8_
FN:347,_RNCNvMNtNtCs3mbXwXxPNJN_8devsweep3app7actionsNtNtB6_5state8DevSweep15execute_cleanup0B8_
FN:203,_RNCNvMNtNtCs3mbXwXxPNJN_8devsweep3app7actionsNtNtB6_5state8DevSweep15toggle_category0B8_
FN:210,_RNCNvMNtNtCs3mbXwXxPNJN_8devsweep3app7actionsNtNtB6_5state8DevSweep15toggle_categorys_0B8_
FN:77,_RNCNvMNtNtCs3mbXwXxPNJN_8devsweep3app7actionsNtNtB6_5state8DevSweep18refresh_cache_ttls0B8_
FN:81,_RNCNvMNtNtCs3mbXwXxPNJN_8devsweep3app7actionsNtNtB6_5state8DevSweep18refresh_cache_ttlss_0B8_
FN:16,_RNCNvMNtNtCs3mbXwXxPNJN_8devsweep3app7actionsNtNtB6_5state8DevSweep18refresh_quarantine0B8_
FN:47,_RNCNvMNtNtCs3mbXwXxPNJN_8devsweep3app7actionsNtNtB6_5state8DevSweep18refresh_quarantines_0B8_
FN:463,_RNCNvMNtNtCs3mbXwXxPNJN_8devsweep3app7actionsNtNtB6_5state8DevSweep20clear_all_quarantine0B8_
FN:428,_RNCNvMNtNtCs3mbXwXxPNJN_8devsweep3app7actionsNtNtB6_5state8DevSweep22delete_quarantine_item0B8_
FN:279,_RNvMNtNtCs3mbXwXxPNJN_8devsweep3app7actionsNtNtB4_5state8DevSweep10select_all
FN:93,_RNvMNtNtCs3mbXwXxPNJN_8devsweep3app7actionsNtNtB4_5state8DevSweep10start_scan
FN:235,_RNvMNtNtCs3mbXwXxPNJN_8devsweep3app7actionsNtNtB4_5state8DevSweep11toggle_item
FN:357,_RNvMNtNtCs3mbXwXxPNJN_8devsweep3app7actionsNtNtB4_5state8DevSweep11undo_record
FN:293,_RNvMNtNtCs3mbXwXxPNJN_8devsweep3app7actionsNtNtB4_5state8DevSweep12deselect_all
FN:310,_RNvMNtNtCs3mbXwXxPNJN_8devsweep3app7actionsNtNtB4_5state8DevSweep15execute_cleanup
FN:187,_RNvMNtNtCs3mbXwXxPNJN_8devsweep3app7actionsNtNtB4_5state8DevSweep15toggle_category
FN:71,_RNvMNtNtCs3mbXwXxPNJN_8devsweep3app7actionsNtNtB4_5state8DevSweep18refresh_cache_ttls
FN:10,_RNvMNtNtCs3mbXwXxPNJN_8devsweep3app7actionsNtNtB4_5state8DevSweep18refresh_quarantine
FN:432,_RNvMNtNtCs3mbXwXxPNJN_8devsweep3app7actionsNtNtB4_5state8DevSweep20clear_all_quarantine
FN:467,_RNvMNtNtCs3mbXwXxPNJN_8devsweep3app7actionsNtNtB4_5state8DevSweep20reset_cache_defaults
FN:392,_RNvMNtNtCs3mbXwXxPNJN_8devsweep3app7actionsNtNtB4_5state8DevSweep22delete_quarantine_item
FN:229,_RNvMNtNtCs3mbXwXxPNJN_8devsweep3app7actionsNtNtB4_5state8DevSweep22toggle_category_expand
FN:304,_RNvMNtNtCs3mbXwXxPNJN_8devsweep3app7actionsNtNtB4_5state8DevSweep23update_selection_counts
FN:351,_RNvMNtNtCs3mbXwXxPNJN_8devsweep3app7actionsNtNtB4_5state8DevSweep31toggle_quarantine_record_expand
FN:84,_RNvMNtNtCs3mbXwXxPNJN_8devsweep3app7actionsNtNtB4_5state8DevSweep7set_tab
FNDA:0,_RNCNCNCNCNCNvMNtNtCshVE6m5yoyjE_8devsweep3app7actionsNtNtBe_5state8DevSweep10start_scan00000Bg_
FNDA:0,_RNCNCNCNCNCNvMNtNtCshVE6m5yoyjE_8devsweep3app7actionsNtNtBe_5state8DevSweep10start_scan0000s_0Bg_
FNDA:0,_RNCNCNCNCNvMNtNtCshVE6m5yoyjE_8devsweep3app7actionsNtNtBc_5state8DevSweep10start_scan0000Be_
FNDA:0,_RNCNCNCNCNvMNtNtCshVE6m5yoyjE_8devsweep3app7actionsNtNtBc_5state8DevSweep11undo_record0000Be_
FNDA:0,_RNCNCNCNCNvMNtNtCshVE6m5yoyjE_8devsweep3app7actionsNtNtBc_5state8DevSweep15execute_cleanup0000Be_
FNDA:0,_RNCNCNCNCNvMNtNtCshVE6m5yoyjE_8devsweep3app7actionsNtNtBc_5state8DevSweep20clear_all_quarantine0000Be_
FNDA:0,_RNCNCNCNCNvMNtNtCshVE6m5yoyjE_8devsweep3app7actionsNtNtBc_5state8DevSweep22delete_quarantine_item0000Be_
FNDA:0,_RNCNCNCNvMNtNtCshVE6m5yoyjE_8devsweep3app7actionsNtNtBa_5state8DevSweep10start_scan000Bc_
FNDA:0,_RNCNCNCNvMNtNtCshVE6m5yoyjE_8devsweep3app7actionsNtNtBa_5state8DevSweep11undo_record000Bc_
FNDA:0,_RNCNCNCNvMNtNtCshVE6m5yoyjE_8devsweep3app7actionsNtNtBa_5state8DevSweep15execute_cleanup000Bc_
FNDA:0,_RNCNCNCNvMNtNtCshVE6m5yoyjE_8devsweep3app7actionsNtNtBa_5state8DevSweep20clear_all_quarantine000Bc_
FNDA:0,_RNCNCNCNvMNtNtCshVE6m5yoyjE_8devsweep3app7actionsNtNtBa_5state8DevSweep22delete_quarantine_item000Bc_
FNDA:0,_RNCNCNvMNtNtCshVE6m5yoyjE_8devsweep3app7actionsNtNtB8_5state8DevSweep10start_scan00Ba_
FNDA:0,_RNCNCNvMNtNtCshVE6m5yoyjE_8devsweep3app7actionsNtNtB8_5state8DevSweep11toggle_item00Ba_
FNDA:0,_RNCNCNvMNtNtCshVE6m5yoyjE_8devsweep3app7actionsNtNtB8_5state8DevSweep11toggle_items1_00Ba_
FNDA:0,_RNCNCNvMNtNtCshVE6m5yoyjE_8devsweep3app7actionsNtNtB8_5state8DevSweep11undo_record00Ba_
FNDA:0,_RNCNCNvMNtNtCshVE6m5yoyjE_8devsweep3app7actionsNtNtB8_5state8DevSweep15execute_cleanup00Ba_
FNDA:0,_RNCNCNvMNtNtCshVE6m5yoyjE_8devsweep3app7actionsNtNtB8_5state8DevSweep15toggle_categorys_00Ba_
FNDA:0,_RNCNCNvMNtNtCshVE6m5yoyjE_8devsweep3app7actionsNtNtB8_5state8DevSweep18refresh_quarantine00Ba_
FNDA:0,_RNCNCNvMNtNtCshVE6m5yoyjE_8devsweep3app7actionsNtNtB8_5state8DevSweep18refresh_quarantine0s_0Ba_
FNDA:0,_RNCNCNvMNtNtCshVE6m5yoyjE_8devsweep3app7actionsNtNtB8_5state8DevSweep18refresh_quarantines_00Ba_
FNDA:0,_RNCNCNvMNtNtCshVE6m5yoyjE_8devsweep3app7actionsNtNtB8_5state8DevSweep20clear_all_quarantine00Ba_
FNDA:0,_RNCNCNvMNtNtCshVE6m5yoyjE_8devsweep3app7actionsNtNtB8_5state8DevSweep22delete_quarantine_item00Ba_
FNDA:0,_RNCNvMNtNtCshVE6m5yoyjE_8devsweep3app7actionsNtNtB6_5state8DevSweep10start_scan0B8_
FNDA:0,_RNCNvMNtNtCshVE6m5yoyjE_8devsweep3app7actionsNtNtB6_5state8DevSweep11toggle_item0B8_
FNDA:0,_RNCNvMNtNtCshVE6m5yoyjE_8devsweep3app7actionsNtNtB6_5state8DevSweep11toggle_items0_0B8_
FNDA:0,_RNCNvMNtNtCshVE6m5yoyjE_8devsweep3app7actionsNtNtB6_5state8DevSweep11toggle_items1_0B8_
FNDA:0,_RNCNvMNtNtCshVE6m5yoyjE_8devsweep3app7actionsNtNtB6_5state8DevSweep11toggle_items_0B8_
FNDA:0,_RNCNvMNtNtCshVE6m5yoyjE_8devsweep3app7actionsNtNtB6_5state8DevSweep11undo_record0B8_
FNDA:0,_RNCNvMNtNtCshVE6m5yoyjE_8devsweep3app7actionsNtNtB6_5state8DevSweep15execute_cleanup0B8_
FNDA:0,_RNCNvMNtNtCshVE6m5yoyjE_8devsweep3app7actionsNtNtB6_5state8DevSweep15toggle_category0B8_
FNDA:0,_RNCNvMNtNtCshVE6m5yoyjE_8devsweep3app7actionsNtNtB6_5state8DevSweep15toggle_categorys_0B8_
FNDA:0,_RNCNvMNtNtCshVE6m5yoyjE_8devsweep3app7actionsNtNtB6_5state8DevSweep18refresh_cache_ttls0B8_
FNDA:0,_RNCNvMNtNtCshVE6m5yoyjE_8devsweep3app7actionsNtNtB6_5state8DevSweep18refresh_cache_ttlss_0B8_
FNDA:0,_RNCNvMNtNtCshVE6m5yoyjE_8devsweep3app7actionsNtNtB6_5state8DevSweep18refresh_quarantine0B8_
FNDA:0,_RNCNvMNtNtCshVE6m5yoyjE_8devsweep3app7actionsNtNtB6_5state8DevSweep18refresh_quarantines_0B8_
FNDA:0,_RNCNvMNtNtCshVE6m5yoyjE_8devsweep3app7actionsNtNtB6_5state8DevSweep20clear_all_quarantine0B8_
FNDA:0,_RNCNvMNtNtCshVE6m5yoyjE_8devsweep3app7actionsNtNtB6_5state8DevSweep22delete_quarantine_item0B8_
FNDA:0,_RNvMNtNtCshVE6m5yoyjE_8devsweep3app7actionsNtNtB4_5state8DevSweep10select_all
FNDA:0,_RNvMNtNtCshVE6m5yoyjE_8devsweep3app7actionsNtNtB4_5state8DevSweep10start_scan
FNDA:0,_RNvMNtNtCshVE6m5yoyjE_8devsweep3app7actionsNtNtB4_5state8DevSweep11toggle_item
FNDA:0,_RNvMNtNtCshVE6m5yoyjE_8devsweep3app7actionsNtNtB4_5state8DevSweep11undo_record
FNDA:0,_RNvMNtNtCshVE6m5yoyjE_8devsweep3app7actionsNtNtB4_5state8DevSweep12deselect_all
FNDA:0,_RNvMNtNtCshVE6m5yoyjE_8devsweep3app7actionsNtNtB4_5state8DevSweep15execute_cleanup
FNDA:0,_RNvMNtNtCshVE6m5yoyjE_8devsweep3app7actionsNtNtB4_5state8DevSweep15toggle_category
FNDA:0,_RNvMNtNtCshVE6m5yoyjE_8devsweep3app7actionsNtNtB4_5state8DevSweep18refresh_cache_ttls
FNDA:0,_RNvMNtNtCshVE6m5yoyjE_8devsweep3app7actionsNtNtB4_5state8DevSweep18refresh_quarantine
FNDA:0,_RNvMNtNtCshVE6m5yoyjE_8devsweep3app7actionsNtNtB4_5state8DevSweep20clear_all_quarantine
FNDA:0,_RNvMNtNtCshVE6m5yoyjE_8devsweep3app7actionsNtNtB4_5state8DevSweep20reset_cache_defaults
FNDA:0,_RNvMNtNtCshVE6m5yoyjE_8devsweep3app7actionsNtNtB4_5state8DevSweep22delete_quarantine_item
FNDA:0,_RNvMNtNtCshVE6m5yoyjE_8devsweep3app7actionsNtNtB4_5state8DevSweep22toggle_category_expand
FNDA:0,_RNvMNtNtCshVE6m5yoyjE_8devsweep3app7actionsNtNtB4_5state8DevSweep23update_selection_counts
FNDA:0,_RNvMNtNtCshVE6m5yoyjE_8devsweep3app7actionsNtNtB4_5state8DevSweep31toggle_quarantine_record_expand
FNDA:0,_RNvMNtNtCshVE6m5yoyjE_8devsweep3app7actionsNtNtB4_5state8DevSweep7set_tab
FNDA:0,_RNCNCNCNCNCNvMNtNtCs3mbXwXxPNJN_8devsweep3app7actionsNtNtBe_5state8DevSweep10start_scan00000Bg_
FNDA:0,_RNCNCNCNCNCNvMNtNtCs3mbXwXxPNJN_8devsweep3app7actionsNtNtBe_5state8DevSweep10start_scan0000s_0Bg_
FNDA:0,_RNCNCNCNCNvMNtNtCs3mbXwXxPNJN_8devsweep3app7actionsNtNtBc_5state8DevSweep10start_scan0000Be_
FNDA:0,_RNCNCNCNCNvMNtNtCs3mbXwXxPNJN_8devsweep3app7actionsNtNtBc_5state8DevSweep11undo_record0000Be_
FNDA:0,_RNCNCNCNCNvMNtNtCs3mbXwXxPNJN_8devsweep3app7actionsNtNtBc_5state8DevSweep15execute_cleanup0000Be_
FNDA:0,_RNCNCNCNCNvMNtNtCs3mbXwXxPNJN_8devsweep3app7actionsNtNtBc_5state8DevSweep20clear_all_quarantine0000Be_
FNDA:0,_RNCNCNCNCNvMNtNtCs3mbXwXxPNJN_8devsweep3app7actionsNtNtBc_5state8DevSweep22delete_quarantine_item0000Be_
FNDA:0,_RNCNCNCNvMNtNtCs3mbXwXxPNJN_8devsweep3app7actionsNtNtBa_5state8DevSweep10start_scan000Bc_
FNDA:0,_RNCNCNCNvMNtNtCs3mbXwXxPNJN_8devsweep3app7actionsNtNtBa_5state8DevSweep11undo_record000Bc_
FNDA:0,_RNCNCNCNvMNtNtCs3mbXwXxPNJN_8devsweep3app7actionsNtNtBa_5state8DevSweep15execute_cleanup000Bc_
FNDA:0,_RNCNCNCNvMNtNtCs3mbXwXxPNJN_8devsweep3app7actionsNtNtBa_5state8DevSweep20clear_all_quarantine000Bc_
FNDA:0,_RNCNCNCNvMNtNtCs3mbXwXxPNJN_8devsweep3app7actionsNtNtBa_5state8DevSweep22delete_quarantine_item000Bc_
FNDA:0,_RNCNCNvMNtNtCs3mbXwXxPNJN_8devsweep3app7actionsNtNtB8_5state8DevSweep10start_scan00Ba_
FNDA:0,_RNCNCNvMNtNtCs3mbXwXxPNJN_8devsweep3app7actionsNtNtB8_5state8DevSweep11toggle_item00Ba_
FNDA:0,_RNCNCNvMNtNtCs3mbXwXxPNJN_8devsweep3app7actionsNtNtB8_5state8DevSweep11toggle_items1_00Ba_
FNDA:0,_RNCNCNvMNtNtCs3mbXwXxPNJN_8devsweep3app7actionsNtNtB8_5state8DevSweep11undo_record00Ba_
FNDA:0,_RNCNCNvMNtNtCs3mbXwXxPNJN_8devsweep3app7actionsNtNtB8_5state8DevSweep15execute_cleanup00Ba_
FNDA:0,_RNCNCNvMNtNtCs3mbXwXxPNJN_8devsweep3app7actionsNtNtB8_5state8DevSweep15toggle_categorys_00Ba_
FNDA:0,_RNCNCNvMNtNtCs3mbXwXxPNJN_8devsweep3app7actionsNtNtB8_5state8DevSweep18refresh_quarantine00Ba_
FNDA:0,_RNCNCNvMNtNtCs3mbXwXxPNJN_8devsweep3app7actionsNtNtB8_5state8DevSweep18refresh_quarantine0s_0Ba_
FNDA:0,_RNCNCNvMNtNtCs3mbXwXxPNJN_8devsweep3app7actionsNtNtB8_5state8DevSweep18refresh_quarantines_00Ba_
FNDA:0,_RNCNCNvMNtNtCs3mbXwXxPNJN_8devsweep3app7actionsNtNtB8_5state8DevSweep20clear_all_quarantine00Ba_
FNDA:0,_RNCNCNvMNtNtCs3mbXwXxPNJN_8devsweep3app7actionsNtNtB8_5state8DevSweep22delete_quarantine_item00Ba_
FNDA:0,_RNCNvMNtNtCs3mbXwXxPNJN_8devsweep3app7actionsNtNtB6_5state8DevSweep10start_scan0B8_
FNDA:0,_RNCNvMNtNtCs3mbXwXxPNJN_8devsweep3app7actionsNtNtB6_5state8DevSweep11toggle_item0B8_
FNDA:0,_RNCNvMNtNtCs3mbXwXxPNJN_8devsweep3app7actionsNtNtB6_5state8DevSweep11toggle_items0_0B8_
FNDA:0,_RNCNvMNtNtCs3mbXwXxPNJN_8devsweep3app7actionsNtNtB6_5state8DevSweep11toggle_items1_0B8_
FNDA:0,_RNCNvMNtNtCs3mbXwXxPNJN_8devsweep3app7actionsNtNtB6_5state8DevSweep11toggle_items_0B8_
FNDA:0,_RNCNvMNtNtCs3mbXwXxPNJN_8devsweep3app7actionsNtNtB6_5state8DevSweep11undo_record0B8_
FNDA:0,_RNCNvMNtNtCs3mbXwXxPNJN_8devsweep3app7actionsNtNtB6_5state8DevSweep15execute_cleanup0B8_
FNDA:0,_RNCNvMNtNtCs3mbXwXxPNJN_8devsweep3app7actionsNtNtB6_5state8DevSweep15toggle_category0B8_
FNDA:0,_RNCNvMNtNtCs3mbXwXxPNJN_8devsweep3app7actionsNtNtB6_5state8DevSweep15toggle_categorys_0B8_
FNDA:0,_RNCNvMNtNtCs3mbXwXxPNJN_8devsweep3app7actionsNtNtB6_5state8DevSweep18refresh_cache_ttls0B8_
FNDA:0,_RNCNvMNtNtCs3mbXwXxPNJN_8devsweep3app7actionsNtNtB6_5state8DevSweep18refresh_cache_ttlss_0B8_
FNDA:0,_RNCNvMNtNtCs3mbXwXxPNJN_8devsweep3app7actionsNtNtB6_5state8DevSweep18refresh_quarantine0B8_
FNDA:0,_RNCNvMNtNtCs3mbXwXxPNJN_8devsweep3app7actionsNtNtB6_5state8DevSweep18refresh_quarantines_0B8_
FNDA:0,_RNCNvMNtNtCs3mbXwXxPNJN_8devsweep3app7actionsNtNtB6_5state8DevSweep20clear_all_quarantine0B8_
FNDA:0,_RNCNvMNtNtCs3mbXwXxPNJN_8devsweep3app7actionsNtNtB6_5state8DevSweep22delete_quarantine_item0B8_
FNDA:0,_RNvMNtNtCs3mbXwXxPNJN_8devsweep3app7actionsNtNtB4_5state8DevSweep10select_all
FNDA:0,_RNvMNtNtCs3mbXwXxPNJN_8devsweep3app7actionsNtNtB4_5state8DevSweep10start_scan
FNDA:0,_RNvMNtNtCs3mbXwXxPNJN_8devsweep3app7actionsNtNtB4_5state8DevSweep11toggle_item
FNDA:0,_RNvMNtNtCs3mbXwXxPNJN_8devsweep3app7actionsNtNtB4_5state8DevSweep11undo_record
FNDA:0,_RNvMNtNtCs3mbXwXxPNJN_8devsweep3app7actionsNtNtB4_5state8DevSweep12deselect_all
FNDA:0,_RNvMNtNtCs3mbXwXxPNJN_8devsweep3app7actionsNtNtB4_5state8DevSweep15execute_cleanup
FNDA:0,_RNvMNtNtCs3mbXwXxPNJN_8devsweep3app7actionsNtNtB4_5state8DevSweep15toggle_category
FNDA:0,_RNvMNtNtCs3mbXwXxPNJN_8devsweep3app7actionsNtNtB4_5state8DevSweep18refresh_cache_ttls
FNDA:0,_RNvMNtNtCs3mbXwXxPNJN_8devsweep3app7actionsNtNtB4_5state8DevSweep18refresh_quarantine
FNDA:0,_RNvMNtNtCs3mbXwXxPNJN_8devsweep3app7actionsNtNtB4_5state8DevSweep20clear_all_quarantine
FNDA:0,_RNvMNtNtCs3mbXwXxPNJN_8devsweep3app7actionsNtNtB4_5state8DevSweep20reset_cache_defaults
FNDA:0,_RNvMNtNtCs3mbXwXxPNJN_8devsweep3app7actionsNtNtB4_5state8DevSweep22delete_quarantine_item
FNDA:0,_RNvMNtNtCs3mbXwXxPNJN_8devsweep3app7actionsNtNtB4_5state8DevSweep22toggle_category_expand
FNDA:0,_RNvMNtNtCs3mbXwXxPNJN_8devsweep3app7actionsNtNtB4_5state8DevSweep23update_selection_counts
FNDA:0,_RNvMNtNtCs3mbXwXxPNJN_8devsweep3app7actionsNtNtB4_5state8DevSweep31toggle_quarantine_record_expand
FNDA:0,_RNvMNtNtCs3mbXwXxPNJN_8devsweep3app7actionsNtNtB4_5state8DevSweep7set_tab
FNF:54
FNH:0
DA:10,0
DA:11,0
DA:12,0
DA:14,0
DA:15,0
DA:16,0
DA:18,0
DA:19,0
DA:20,0
DA:21,0
DA:22,0
DA:23,0
DA:24,0
DA:25,0
DA:27,0
DA:28,0
DA:29,0
DA:31,0
DA:32,0
DA:33,0
DA:34,0
DA:35,0
DA:36,0
DA:37,0
DA:38,0
DA:39,0
DA:40,0
DA:41,0
DA:42,0
DA:45,0
DA:46,0
DA:47,0
DA:48,0
DA:49,0
DA:50,0
DA:51,0
DA:52,0
DA:53,0
DA:54,0
DA:55,0
DA:56,0
DA:57,0
DA:58,0
DA:59,0
DA:60,0
DA:61,0
DA:62,0
DA:63,0
DA:64,0
DA:66,0
DA:67,0
DA:68,0
DA:69,0
DA:71,0
DA:72,0
DA:73,0
DA:74,0
DA:75,0
DA:76,0
DA:77,0
DA:78,0
DA:79,0
DA:80,0
DA:81,0
DA:82,0
DA:84,0
DA:85,0
DA:86,0
DA:87,0
DA:88,0
DA:89,0
DA:90,0
DA:91,0
DA:93,0
DA:95,0
DA:96,0
DA:97,0
DA:99,0
DA:100,0
DA:101,0
DA:103,0
DA:105,0
DA:106,0
DA:107,0
DA:110,0
DA:112,0
DA:114,0
DA:116,0
DA:117,0
DA:118,0
DA:119,0
DA:120,0
DA:123,0
DA:124,0
DA:127,0
DA:128,0
DA:129,0
DA:132,0
DA:133,0
DA:134,0
DA:135,0
DA:136,0
DA:137,0
DA:138,0
DA:141,0
DA:142,0
DA:144,0
DA:145,0
DA:146,0
DA:147,0
DA:148,0
DA:149,0
DA:150,0
DA:151,0
DA:152,0
DA:154,0
DA:155,0
DA:156,0
DA:157,0
DA:158,0
DA:159,0
DA:160,0
DA:161,0
DA:162,0
DA:163,0
DA:164,0
DA:168,0
DA:169,0
DA:171,0
DA:172,0
DA:173,0
DA:174,0
DA:175,0
DA:176,0
DA:177,0
DA:179,0
DA:180,0
DA:181,0
DA:182,0
DA:183,0
DA:184,0
DA:185,0
DA:187,0
DA:188,0
DA:189,0
DA:190,0
DA:192,0
DA:193,0
DA:196,0
DA:197,0
DA:199,0
DA:200,0
DA:201,0
DA:202,0
DA:203,0
DA:204,0
DA:205,0
DA:206,0
DA:210,0
DA:211,0
DA:212,0
DA:213,0
DA:214,0
DA:215,0
DA:219,0
DA:220,0
DA:221,0
DA:222,0
DA:224,0
DA:226,0
DA:227,0
DA:229,0
DA:230,0
DA:231,0
DA:232,0
DA:233,0
DA:235,0
DA:236,0
DA:237,0
DA:238,0
DA:240,0
DA:241,0
DA:242,0
DA:243,0
DA:244,0
DA:245,0
DA:248,0
DA:249,0
DA:250,0
DA:251,0
DA:252,0
DA:253,0
DA:254,0
DA:255,0
DA:256,0
DA:257,0
DA:258,0
DA:259,0
DA:261,0
DA:262,0
DA:263,0
DA:265,0
DA:268,0
DA:269,0
DA:270,0
DA:271,0
DA:272,0
DA:273,0
DA:274,0
DA:276,0
DA:277,0
DA:279,0
DA:280,0
DA:281,0
DA:282,0
DA:283,0
DA:284,0
DA:285,0
DA:286,0
DA:287,0
DA:288,0
DA:289,0
DA:290,0
DA:291,0
DA:293,0
DA:294,0
DA:295,0
DA:296,0
DA:297,0
DA:298,0
DA:299,0
DA:300,0
DA:301,0
DA:302,0
DA:304,0
DA:305,0
DA:306,0
DA:307,0
DA:308,0
DA:310,0
DA:311,0
DA:312,0
DA:313,0
DA:314,0
DA:315,0
DA:317,0
DA:318,0
DA:319,0
DA:321,0
DA:322,0
DA:324,0
DA:325,0
DA:326,0
DA:327,0
DA:330,0
DA:331,0
DA:332,0
DA:334,0
DA:335,0
DA:336,0
DA:337,0
DA:338,0
DA:339,0
DA:340,0
DA:344,0
DA:345,0
DA:346,0
DA:347,0
DA:348,0
DA:349,0
DA:351,0
DA:352,0
DA:353,0
DA:354,0
DA:355,0
DA:357,0
DA:358,0
DA:359,0
DA:360,0
DA:362,0
DA:364,0
DA:365,0
DA:366,0
DA:367,0
DA:370,0
DA:371,0
DA:372,0
DA:374,0
DA:375,0
DA:376,0
DA:377,0
DA:378,0
DA:379,0
DA:380,0
DA:383,0
DA:384,0
DA:385,0
DA:386,0
DA:387,0
DA:388,0
DA:389,0
DA:390,0
DA:392,0
DA:393,0
DA:394,0
DA:395,0
DA:396,0
DA:397,0
DA:398,0
DA:399,0
DA:400,0
DA:402,0
DA:404,0
DA:405,0
DA:406,0
DA:407,0
DA:410,0
DA:411,0
DA:412,0
DA:414,0
DA:415,0
DA:416,0
DA:417,0
DA:418,0
DA:419,0
DA:420,0
DA:423,0
DA:424,0
DA:425,0
DA:426,0
DA:427,0
DA:428,0
DA:429,0
DA:430,0
DA:432,0
DA:433,0
DA:434,0
DA:435,0
DA:437,0
DA:439,0
DA:440,0
DA:441,0
DA:442,0
DA:445,0
DA:446,0
DA:447,0
DA:449,0
DA:450,0
DA:451,0
DA:452,0
DA:453,0
DA:454,0
DA:455,0
DA:458,0
DA:459,0
DA:460,0
DA:461,0
DA:462,0
DA:463,0
DA:464,0
DA:465,0
DA:467,0
DA:468,0
DA:469,0
DA:470,0
DA:471,0
DA:472,0
BRF:0
BRH:0
LF:404
LH:0
end_of_record
SF:/Users/canggih/Documents/Kedata/cleanstorage/dev-cleaner/src/app/render.rs
FN:186,_RNCNvMs_NtNtCshVE6m5yoyjE_8devsweep3app6renderNtNtB8_5state8DevSweep12sidebar_item0Ba_
FN:194,_RNCNvMs_NtNtCshVE6m5yoyjE_8devsweep3app6renderNtNtB8_5state8DevSweep12sidebar_items0_0Ba_
FN:193,_RNCNvMs_NtNtCshVE6m5yoyjE_8devsweep3app6renderNtNtB8_5state8DevSweep12sidebar_items_0Ba_
FN:114,_RNCNvMs_NtNtCshVE6m5yoyjE_8devsweep3app6renderNtNtB8_5state8DevSweep14render_sidebar0Ba_
FN:116,_RNCNvMs_NtNtCshVE6m5yoyjE_8devsweep3app6renderNtNtB8_5state8DevSweep14render_sidebars0_0Ba_
FN:115,_RNCNvMs_NtNtCshVE6m5yoyjE_8devsweep3app6renderNtNtB8_5state8DevSweep14render_sidebars_0Ba_
FN:165,_RNvMs_NtNtCshVE6m5yoyjE_8devsweep3app6renderNtNtB6_5state8DevSweep12sidebar_item
FN:35,_RNvMs_NtNtCshVE6m5yoyjE_8devsweep3app6renderNtNtB6_5state8DevSweep14render_sidebar
FN:8,_RNvXNtNtCshVE6m5yoyjE_8devsweep3app6renderNtNtB4_5state8DevSweepNtNtCs7iYqt2tyMRL_4gpui7element6Render6render
FN:186,_RNCNvMs_NtNtCs3mbXwXxPNJN_8devsweep3app6renderNtNtB8_5state8DevSweep12sidebar_item0Ba_
FN:194,_RNCNvMs_NtNtCs3mbXwXxPNJN_8devsweep3app6renderNtNtB8_5state8DevSweep12sidebar_items0_0Ba_
FN:193,_RNCNvMs_NtNtCs3mbXwXxPNJN_8devsweep3app6renderNtNtB8_5state8DevSweep12sidebar_items_0Ba_
FN:114,_RNCNvMs_NtNtCs3mbXwXxPNJN_8devsweep3app6renderNtNtB8_5state8DevSweep14render_sidebar0Ba_
FN:116,_RNCNvMs_NtNtCs3mbXwXxPNJN_8devsweep3app6renderNtNtB8_5state8DevSweep14render_sidebars0_0Ba_
FN:115,_RNCNvMs_NtNtCs3mbXwXxPNJN_8devsweep3app6renderNtNtB8_5state8DevSweep14render_sidebars_0Ba_
FN:165,_RNvMs_NtNtCs3mbXwXxPNJN_8devsweep3app6renderNtNtB6_5state8DevSweep12sidebar_item
FN:35,_RNvMs_NtNtCs3mbXwXxPNJN_8devsweep3app6renderNtNtB6_5state8DevSweep14render_sidebar
FN:8,_RNvXNtNtCs3mbXwXxPNJN_8devsweep3app6renderNtNtB4_5state8DevSweepNtNtCs7iYqt2tyMRL_4gpui7element6Render6render
FNDA:0,_RNCNvMs_NtNtCshVE6m5yoyjE_8devsweep3app6renderNtNtB8_5state8DevSweep12sidebar_item0Ba_
FNDA:0,_RNCNvMs_NtNtCshVE6m5yoyjE_8devsweep3app6renderNtNtB8_5state8DevSweep12sidebar_items0_0Ba_
FNDA:0,_RNCNvMs_NtNtCshVE6m5yoyjE_8devsweep3app6renderNtNtB8_5state8DevSweep12sidebar_items_0Ba_
FNDA:0,_RNCNvMs_NtNtCshVE6m5yoyjE_8devsweep3app6renderNtNtB8_5state8DevSweep14render_sidebar0Ba_
FNDA:0,_RNCNvMs_NtNtCshVE6m5yoyjE_8devsweep3app6renderNtNtB8_5state8DevSweep14render_sidebars0_0Ba_
FNDA:0,_RNCNvMs_NtNtCshVE6m5yoyjE_8devsweep3app6renderNtNtB8_5state8DevSweep14render_sidebars_0Ba_
FNDA:0,_RNvMs_NtNtCshVE6m5yoyjE_8devsweep3app6renderNtNtB6_5state8DevSweep12sidebar_item
FNDA:0,_RNvMs_NtNtCshVE6m5yoyjE_8devsweep3app6renderNtNtB6_5state8DevSweep14render_sidebar
FNDA:0,_RNvXNtNtCshVE6m5yoyjE_8devsweep3app6renderNtNtB4_5state8DevSweepNtNtCs7iYqt2tyMRL_4gpui7element6Render6render
FNDA:0,_RNCNvMs_NtNtCs3mbXwXxPNJN_8devsweep3app6renderNtNtB8_5state8DevSweep12sidebar_item0Ba_
FNDA:0,_RNCNvMs_NtNtCs3mbXwXxPNJN_8devsweep3app6renderNtNtB8_5state8DevSweep12sidebar_items0_0Ba_
FNDA:0,_RNCNvMs_NtNtCs3mbXwXxPNJN_8devsweep3app6renderNtNtB8_5state8DevSweep12sidebar_items_0Ba_
FNDA:0,_RNCNvMs_NtNtCs3mbXwXxPNJN_8devsweep3app6renderNtNtB8_5state8DevSweep14render_sidebar0Ba_
FNDA:0,_RNCNvMs_NtNtCs3mbXwXxPNJN_8devsweep3app6renderNtNtB8_5state8DevSweep14render_sidebars0_0Ba_
FNDA:0,_RNCNvMs_NtNtCs3mbXwXxPNJN_8devsweep3app6renderNtNtB8_5state8DevSweep14render_sidebars_0Ba_
FNDA:0,_RNvMs_NtNtCs3mbXwXxPNJN_8devsweep3app6renderNtNtB6_5state8DevSweep12sidebar_item
FNDA:0,_RNvMs_NtNtCs3mbXwXxPNJN_8devsweep3app6renderNtNtB6_5state8DevSweep14render_sidebar
FNDA:0,_RNvXNtNtCs3mbXwXxPNJN_8devsweep3app6renderNtNtB4_5state8DevSweepNtNtCs7iYqt2tyMRL_4gpui7element6Render6render
FNF:9
FNH:0
DA:8,0
DA:9,0
DA:11,0
DA:12,0
DA:13,0
DA:14,0
DA:15,0
DA:17,0
DA:19,0
DA:20,0
DA:21,0
DA:22,0
DA:23,0
DA:24,0
DA:25,0
DA:26,0
DA:27,0
DA:28,0
DA:31,0
DA:35,0
DA:36,0
DA:37,0
DA:39,0
DA:40,0
DA:41,0
DA:42,0
DA:43,0
DA:44,0
DA:45,0
DA:46,0
DA:48,0
DA:49,0
DA:50,0
DA:51,0
DA:52,0
DA:53,0
DA:54,0
DA:55,0
DA:56,0
DA:57,0
DA:58,0
DA:59,0
DA:60,0
DA:61,0
DA:62,0
DA:63,0
DA:64,0
DA:66,0
DA:69,0
DA:70,0
DA:71,0
DA:72,0
DA:73,0
DA:74,0
DA:78,0
DA:79,0
DA:80,0
DA:81,0
DA:82,0
DA:83,0
DA:84,0
DA:85,0
DA:86,0
DA:87,0
DA:88,0
DA:89,0
DA:92,0
DA:93,0
DA:94,0
DA:95,0
DA:96,0
DA:97,0
DA:98,0
DA:99,0
DA:100,0
DA:102,0
DA:103,0
DA:104,0
DA:105,0
DA:106,0
DA:107,0
DA:108,0
DA:109,0
DA:110,0
DA:111,0
DA:112,0
DA:113,0
DA:114,0
DA:115,0
DA:116,0
DA:117,0
DA:118,0
DA:119,0
DA:120,0
DA:121,0
DA:122,0
DA:123,0
DA:124,0
DA:125,0
DA:126,0
DA:128,0
DA:130,0
DA:131,0
DA:132,0
DA:133,0
DA:134,0
DA:135,0
DA:137,0
DA:143,0
DA:144,0
DA:145,0
DA:146,0
DA:147,0
DA:148,0
DA:149,0
DA:150,0
DA:151,0
DA:152,0
DA:154,0
DA:155,0
DA:156,0
DA:157,0
DA:158,0
DA:159,0
DA:163,0
DA:165,0
DA:166,0
DA:167,0
DA:168,0
DA:169,0
DA:170,0
DA:171,0
DA:172,0
DA:173,0
DA:174,0
DA:175,0
DA:176,0
DA:177,0
DA:178,0
DA:179,0
DA:180,0
DA:181,0
DA:182,0
DA:184,0
DA:186,0
DA:187,0
DA:188,0
DA:190,0
DA:192,0
DA:193,0
DA:194,0
DA:195,0
DA:196,0
DA:197,0
DA:198,0
DA:199,0
DA:200,0
DA:201,0
DA:202,0
DA:203,0
DA:205,0
DA:207,0
DA:208,0
DA:210,0
DA:212,0
DA:214,0
BRF:0
BRH:0
LF:172
LH:0
end_of_record
SF:/Users/canggih/Documents/Kedata/cleanstorage/dev-cleaner/src/app/state.rs
FN:108,_RNCNvMs_NtNtCshVE6m5yoyjE_8devsweep3app5stateNtB6_8DevSweep3new0Ba_
FN:112,_RNCNvMs_NtNtCshVE6m5yoyjE_8devsweep3app5stateNtB6_8DevSweep3news_0Ba_
FN:144,_RNvMs_NtNtCshVE6m5yoyjE_8devsweep3app5stateNtB4_8DevSweep19update_storage_info
FN:100,_RNvMs_NtNtCshVE6m5yoyjE_8devsweep3app5stateNtB4_8DevSweep3new
FN:94,_RNvXNtNtCshVE6m5yoyjE_8devsweep3app5stateNtB2_8DevSweepNtNtCskzPJi2J8k3N_4core7default7Default7default
FN:108,_RNCNvMs_NtNtCs3mbXwXxPNJN_8devsweep3app5stateNtB6_8DevSweep3new0Ba_
FN:112,_RNCNvMs_NtNtCs3mbXwXxPNJN_8devsweep3app5stateNtB6_8DevSweep3news_0Ba_
FN:144,_RNvMs_NtNtCs3mbXwXxPNJN_8devsweep3app5stateNtB4_8DevSweep19update_storage_info
FN:100,_RNvMs_NtNtCs3mbXwXxPNJN_8devsweep3app5stateNtB4_8DevSweep3new
FN:94,_RNvXNtNtCs3mbXwXxPNJN_8devsweep3app5stateNtB2_8DevSweepNtNtCskzPJi2J8k3N_4core7default7Default7default
FNDA:0,_RNCNvMs_NtNtCshVE6m5yoyjE_8devsweep3app5stateNtB6_8DevSweep3new0Ba_
FNDA:0,_RNCNvMs_NtNtCshVE6m5yoyjE_8devsweep3app5stateNtB6_8DevSweep3news_0Ba_
FNDA:0,_RNvMs_NtNtCshVE6m5yoyjE_8devsweep3app5stateNtB4_8DevSweep19update_storage_info
FNDA:0,_RNvMs_NtNtCshVE6m5yoyjE_8devsweep3app5stateNtB4_8DevSweep3new
FNDA:0,_RNvXNtNtCshVE6m5yoyjE_8devsweep3app5stateNtB2_8DevSweepNtNtCskzPJi2J8k3N_4core7default7Default7default
FNDA:0,_RNCNvMs_NtNtCs3mbXwXxPNJN_8devsweep3app5stateNtB6_8DevSweep3new0Ba_
FNDA:0,_RNCNvMs_NtNtCs3mbXwXxPNJN_8devsweep3app5stateNtB6_8DevSweep3news_0Ba_
FNDA:0,_RNvMs_NtNtCs3mbXwXxPNJN_8devsweep3app5stateNtB4_8DevSweep19update_storage_info
FNDA:0,_RNvMs_NtNtCs3mbXwXxPNJN_8devsweep3app5stateNtB4_8DevSweep3new
FNDA:0,_RNvXNtNtCs3mbXwXxPNJN_8devsweep3app5stateNtB2_8DevSweepNtNtCskzPJi2J8k3N_4core7default7Default7default
FNF:5
FNH:0
DA:94,0
DA:95,0
DA:96,0
DA:100,0
DA:101,0
DA:104,0
DA:105,0
DA:106,0
DA:107,0
DA:108,0
DA:109,0
DA:110,0
DA:111,0
DA:112,0
DA:115,0
DA:116,0
DA:118,0
DA:121,0
DA:122,0
DA:123,0
DA:124,0
DA:125,0
DA:126,0
DA:127,0
DA:128,0
DA:129,0
DA:130,0
DA:131,0
DA:132,0
DA:133,0
DA:134,0
DA:135,0
DA:136,0
DA:137,0
DA:138,0
DA:139,0
DA:140,0
DA:141,0
DA:142,0
DA:144,0
DA:145,0
DA:146,0
DA:147,0
DA:148,0
BRF:0
BRH:0
LF:45
LH:0
end_of_record
SF:/Users/canggih/Documents/Kedata/cleanstorage/dev-cleaner/src/app/tabs/about_tab.rs
FN:118,_RNvMNtNtNtCshVE6m5yoyjE_8devsweep3app4tabs9about_tabNtNtB6_5state8DevSweep10tech_badge
FN:104,_RNvMNtNtNtCshVE6m5yoyjE_8devsweep3app4tabs9about_tabNtNtB6_5state8DevSweep12feature_item
FN:7,_RNvMNtNtNtCshVE6m5yoyjE_8devsweep3app4tabs9about_tabNtNtB6_5state8DevSweep16render_about_tab
FN:118,_RNvMNtNtNtCs3mbXwXxPNJN_8devsweep3app4tabs9about_tabNtNtB6_5state8DevSweep10tech_badge
FN:104,_RNvMNtNtNtCs3mbXwXxPNJN_8devsweep3app4tabs9about_tabNtNtB6_5state8DevSweep12feature_item
FN:7,_RNvMNtNtNtCs3mbXwXxPNJN_8devsweep3app4tabs9about_tabNtNtB6_5state8DevSweep16render_about_tab
FNDA:0,_RNvMNtNtNtCshVE6m5yoyjE_8devsweep3app4tabs9about_tabNtNtB6_5state8DevSweep10tech_badge
FNDA:0,_RNvMNtNtNtCshVE6m5yoyjE_8devsweep3app4tabs9about_tabNtNtB6_5state8DevSweep12feature_item
FNDA:0,_RNvMNtNtNtCshVE6m5yoyjE_8devsweep3app4tabs9about_tabNtNtB6_5state8DevSweep16render_about_tab
FNDA:0,_RNvMNtNtNtCs3mbXwXxPNJN_8devsweep3app4tabs9about_tabNtNtB6_5state8DevSweep10tech_badge
FNDA:0,_RNvMNtNtNtCs3mbXwXxPNJN_8devsweep3app4tabs9about_tabNtNtB6_5state8DevSweep12feature_item
FNDA:0,_RNvMNtNtNtCs3mbXwXxPNJN_8devsweep3app4tabs9about_tabNtNtB6_5state8DevSweep16render_about_tab
FNF:3
FNH:0
DA:7,0
DA:8,0
DA:9,0
DA:10,0
DA:11,0
DA:12,0
DA:13,0
DA:14,0
DA:15,0
DA:16,0
DA:18,0
DA:19,0
DA:20,0
DA:21,0
DA:22,0
DA:23,0
DA:24,0
DA:25,0
DA:26,0
DA:27,0
DA:28,0
DA:30,0
DA:31,0
DA:32,0
DA:35,0
DA:36,0
DA:37,0
DA:38,0
DA:39,0
DA:40,0
DA:42,0
DA:43,0
DA:44,0
DA:45,0
DA:46,0
DA:50,0
DA:51,0
DA:52,0
DA:53,0
DA:54,0
DA:55,0
DA:59,0
DA:60,0
DA:61,0
DA:62,0
DA:63,0
DA:64,0
DA:65,0
DA:66,0
DA:67,0
DA:68,0
DA:69,0
DA:70,0
DA:71,0
DA:72,0
DA:74,0
DA:75,0
DA:76,0
DA:77,0
DA:78,0
DA:81,0
DA:82,0
DA:83,0
DA:84,0
DA:85,0
DA:86,0
DA:87,0
DA:88,0
DA:89,0
DA:90,0
DA:91,0
DA:93,0
DA:94,0
DA:95,0
DA:96,0
DA:97,0
DA:98,0
DA:99,0
DA:102,0
DA:104,0
DA:105,0
DA:106,0
DA:107,0
DA:108,0
DA:109,0
DA:110,0
DA:111,0
DA:112,0
DA:113,0
DA:114,0
DA:116,0
DA:118,0
DA:119,0
DA:120,0
DA:121,0
DA:122,0
DA:123,0
DA:124,0
DA:125,0
DA:126,0
DA:127,0
DA:128,0
DA:129,0
DA:130,0
DA:131,0
DA:132,0
DA:134,0
BRF:0
BRH:0
LF:107
LH:0
end_of_record
SF:/Users/canggih/Documents/Kedata/cleanstorage/dev-cleaner/src/app/tabs/quarantine_tab.rs
FN:118,_RNCNCNvMNtNtNtCshVE6m5yoyjE_8devsweep3app4tabs14quarantine_tabNtNtBa_5state8DevSweep21render_quarantine_tabs4_00Bc_
FN:124,_RNCNCNvMNtNtNtCshVE6m5yoyjE_8devsweep3app4tabs14quarantine_tabNtNtBa_5state8DevSweep21render_quarantine_tabs4_0s0_0Bc_
FN:119,_RNCNCNvMNtNtNtCshVE6m5yoyjE_8devsweep3app4tabs14quarantine_tabNtNtBa_5state8DevSweep21render_quarantine_tabs4_0s_0Bc_
FN:253,_RNCNCNvMNtNtNtCshVE6m5yoyjE_8devsweep3app4tabs14quarantine_tabNtNtBa_5state8DevSweep21render_quarantine_tabs6_00Bc_
FN:502,_RNCNCNvMNtNtNtCshVE6m5yoyjE_8devsweep3app4tabs14quarantine_tabNtNtBa_5state8DevSweep22render_quarantine_items1_00Bc_
FN:504,_RNCNCNvMNtNtNtCshVE6m5yoyjE_8devsweep3app4tabs14quarantine_tabNtNtBa_5state8DevSweep22render_quarantine_items1_0s0_0Bc_
FN:503,_RNCNCNvMNtNtNtCshVE6m5yoyjE_8devsweep3app4tabs14quarantine_tabNtNtBa_5state8DevSweep22render_quarantine_items1_0s_0Bc_
FN:375,_RNCNCNvMNtNtNtCshVE6m5yoyjE_8devsweep3app4tabs14quarantine_tabNtNtBa_5state8DevSweep24render_quarantine_records2_00Bc_
FN:379,_RNCNCNvMNtNtNtCshVE6m5yoyjE_8devsweep3app4tabs14quarantine_tabNtNtBa_5state8DevSweep24render_quarantine_records2_0s0_0Bc_
FN:376,_RNCNCNvMNtNtNtCshVE6m5yoyjE_8devsweep3app4tabs14quarantine_tabNtNtBa_5state8DevSweep24render_quarantine_records2_0s_0Bc_
FN:403,_RNCNCNvMNtNtNtCshVE6m5yoyjE_8devsweep3app4tabs14quarantine_tabNtNtBa_5state8DevSweep24render_quarantine_records3_00Bc_
FN:64,_RNCNvMNtNtNtCshVE6m5yoyjE_8devsweep3app4tabs14quarantine_tabNtNtB8_5state8DevSweep21render_quarantine_tab0Ba_
FN:68,_RNCNvMNtNtNtCshVE6m5yoyjE_8devsweep3app4tabs14quarantine_tabNtNtB8_5state8DevSweep21render_quarantine_tabs0_0Ba_
FN:87,_RNCNvMNtNtNtCshVE6m5yoyjE_8devsweep3app4tabs14quarantine_tabNtNtB8_5state8DevSweep21render_quarantine_tabs1_0Ba_
FN:88,_RNCNvMNtNtNtCshVE6m5yoyjE_8devsweep3app4tabs14quarantine_tabNtNtB8_5state8DevSweep21render_quarantine_tabs2_0Ba_
FN:91,_RNCNvMNtNtNtCshVE6m5yoyjE_8devsweep3app4tabs14quarantine_tabNtNtB8_5state8DevSweep21render_quarantine_tabs3_0Ba_
FN:109,_RNCNvMNtNtNtCshVE6m5yoyjE_8devsweep3app4tabs14quarantine_tabNtNtB8_5state8DevSweep21render_quarantine_tabs4_0Ba_
FN:136,_RNCNvMNtNtNtCshVE6m5yoyjE_8devsweep3app4tabs14quarantine_tabNtNtB8_5state8DevSweep21render_quarantine_tabs5_0Ba_
FN:250,_RNCNvMNtNtNtCshVE6m5yoyjE_8devsweep3app4tabs14quarantine_tabNtNtB8_5state8DevSweep21render_quarantine_tabs6_0Ba_
FN:65,_RNCNvMNtNtNtCshVE6m5yoyjE_8devsweep3app4tabs14quarantine_tabNtNtB8_5state8DevSweep21render_quarantine_tabs_0Ba_
FN:429,_RNCNvMNtNtNtCshVE6m5yoyjE_8devsweep3app4tabs14quarantine_tabNtNtB8_5state8DevSweep22render_quarantine_item0Ba_
FN:469,_RNCNvMNtNtNtCshVE6m5yoyjE_8devsweep3app4tabs14quarantine_tabNtNtB8_5state8DevSweep22render_quarantine_items0_0Ba_
FN:490,_RNCNvMNtNtNtCshVE6m5yoyjE_8devsweep3app4tabs14quarantine_tabNtNtB8_5state8DevSweep22render_quarantine_items1_0Ba_
FN:460,_RNCNvMNtNtNtCshVE6m5yoyjE_8devsweep3app4tabs14quarantine_tabNtNtB8_5state8DevSweep22render_quarantine_items_0Ba_
FN:298,_RNCNvMNtNtNtCshVE6m5yoyjE_8devsweep3app4tabs14quarantine_tabNtNtB8_5state8DevSweep24render_quarantine_record0Ba_
FN:301,_RNCNvMNtNtNtCshVE6m5yoyjE_8devsweep3app4tabs14quarantine_tabNtNtB8_5state8DevSweep24render_quarantine_records0_0Ba_
FN:335,_RNCNvMNtNtNtCshVE6m5yoyjE_8devsweep3app4tabs14quarantine_tabNtNtB8_5state8DevSweep24render_quarantine_records1_0Ba_
FN:365,_RNCNvMNtNtNtCshVE6m5yoyjE_8devsweep3app4tabs14quarantine_tabNtNtB8_5state8DevSweep24render_quarantine_records2_0Ba_
FN:393,_RNCNvMNtNtNtCshVE6m5yoyjE_8devsweep3app4tabs14quarantine_tabNtNtB8_5state8DevSweep24render_quarantine_records3_0Ba_
FN:299,_RNCNvMNtNtNtCshVE6m5yoyjE_8devsweep3app4tabs14quarantine_tabNtNtB8_5state8DevSweep24render_quarantine_records_0Ba_
FN:7,_RNvMNtNtNtCshVE6m5yoyjE_8devsweep3app4tabs14quarantine_tabNtNtB6_5state8DevSweep21render_quarantine_tab
FN:409,_RNvMNtNtNtCshVE6m5yoyjE_8devsweep3app4tabs14quarantine_tabNtNtB6_5state8DevSweep22render_quarantine_item
FN:269,_RNvMNtNtNtCshVE6m5yoyjE_8devsweep3app4tabs14quarantine_tabNtNtB6_5state8DevSweep24render_quarantine_record
FN:118,_RNCNCNvMNtNtNtCs3mbXwXxPNJN_8devsweep3app4tabs14quarantine_tabNtNtBa_5state8DevSweep21render_quarantine_tabs4_00Bc_
FN:124,_RNCNCNvMNtNtNtCs3mbXwXxPNJN_8devsweep3app4tabs14quarantine_tabNtNtBa_5state8DevSweep21render_quarantine_tabs4_0s0_0Bc_
FN:119,_RNCNCNvMNtNtNtCs3mbXwXxPNJN_8devsweep3app4tabs14quarantine_tabNtNtBa_5state8DevSweep21render_quarantine_tabs4_0s_0Bc_
FN:253,_RNCNCNvMNtNtNtCs3mbXwXxPNJN_8devsweep3app4tabs14quarantine_tabNtNtBa_5state8DevSweep21render_quarantine_tabs6_00Bc_
FN:502,_RNCNCNvMNtNtNtCs3mbXwXxPNJN_8devsweep3app4tabs14quarantine_tabNtNtBa_5state8DevSweep22render_quarantine_items1_00Bc_
FN:504,_RNCNCNvMNtNtNtCs3mbXwXxPNJN_8devsweep3app4tabs14quarantine_tabNtNtBa_5state8DevSweep22render_quarantine_items1_0s0_0Bc_
FN:503,_RNCNCNvMNtNtNtCs3mbXwXxPNJN_8devsweep3app4tabs14quarantine_tabNtNtBa_5state8DevSweep22render_quarantine_items1_0s_0Bc_
FN:375,_RNCNCNvMNtNtNtCs3mbXwXxPNJN_8devsweep3app4tabs14quarantine_tabNtNtBa_5state8DevSweep24render_quarantine_records2_00Bc_
FN:379,_RNCNCNvMNtNtNtCs3mbXwXxPNJN_8devsweep3app4tabs14quarantine_tabNtNtBa_5state8DevSweep24render_quarantine_records2_0s0_0Bc_
FN:376,_RNCNCNvMNtNtNtCs3mbXwXxPNJN_8devsweep3app4tabs14quarantine_tabNtNtBa_5state8DevSweep24render_quarantine_records2_0s_0Bc_
FN:403,_RNCNCNvMNtNtNtCs3mbXwXxPNJN_8devsweep3app4tabs14quarantine_tabNtNtBa_5state8DevSweep24render_quarantine_records3_00Bc_
FN:64,_RNCNvMNtNtNtCs3mbXwXxPNJN_8devsweep3app4tabs14quarantine_tabNtNtB8_5state8DevSweep21render_quarantine_tab0Ba_
FN:68,_RNCNvMNtNtNtCs3mbXwXxPNJN_8devsweep3app4tabs14quarantine_tabNtNtB8_5state8DevSweep21render_quarantine_tabs0_0Ba_
FN:87,_RNCNvMNtNtNtCs3mbXwXxPNJN_8devsweep3app4tabs14quarantine_tabNtNtB8_5state8DevSweep21render_quarantine_tabs1_0Ba_
FN:88,_RNCNvMNtNtNtCs3mbXwXxPNJN_8devsweep3app4tabs14quarantine_tabNtNtB8_5state8DevSweep21render_quarantine_tabs2_0Ba_
FN:91,_RNCNvMNtNtNtCs3mbXwXxPNJN_8devsweep3app4tabs14quarantine_tabNtNtB8_5state8DevSweep21render_quarantine_tabs3_0Ba_
FN:109,_RNCNvMNtNtNtCs3mbXwXxPNJN_8devsweep3app4tabs14quarantine_tabNtNtB8_5state8DevSweep21render_quarantine_tabs4_0Ba_
FN:136,_RNCNvMNtNtNtCs3mbXwXxPNJN_8devsweep3app4tabs14quarantine_tabNtNtB8_5state8DevSweep21render_quarantine_tabs5_0Ba_
FN:250,_RNCNvMNtNtNtCs3mbXwXxPNJN_8devsweep3app4tabs14quarantine_tabNtNtB8_5state8DevSweep21render_quarantine_tabs6_0Ba_
FN:65,_RNCNvMNtNtNtCs3mbXwXxPNJN_8devsweep3app4tabs14quarantine_tabNtNtB8_5state8DevSweep21render_quarantine_tabs_0Ba_
FN:429,_RNCNvMNtNtNtCs3mbXwXxPNJN_8devsweep3app4tabs14quarantine_tabNtNtB8_5state8DevSweep22render_quarantine_item0Ba_
FN:469,_RNCNvMNtNtNtCs3mbXwXxPNJN_8devsweep3app4tabs14quarantine_tabNtNtB8_5state8DevSweep22render_quarantine_items0_0Ba_
FN:490,_RNCNvMNtNtNtCs3mbXwXxPNJN_8devsweep3app4tabs14quarantine_tabNtNtB8_5state8DevSweep22render_quarantine_items1_0Ba_
FN:460,_RNCNvMNtNtNtCs3mbXwXxPNJN_8devsweep3app4tabs14quarantine_tabNtNtB8_5state8DevSweep22render_quarantine_items_0Ba_
FN:298,_RNCNvMNtNtNtCs3mbXwXxPNJN_8devsweep3app4tabs14quarantine_tabNtNtB8_5state8DevSweep24render_quarantine_record0Ba_
FN:301,_RNCNvMNtNtNtCs3mbXwXxPNJN_8devsweep3app4tabs14quarantine_tabNtNtB8_5state8DevSweep24render_quarantine_records0_0Ba_
FN:335,_RNCNvMNtNtNtCs3mbXwXxPNJN_8devsweep3app4tabs14quarantine_tabNtNtB8_5state8DevSweep24render_quarantine_records1_0Ba_
FN:365,_RNCNvMNtNtNtCs3mbXwXxPNJN_8devsweep3app4tabs14quarantine_tabNtNtB8_5state8DevSweep24render_quarantine_records2_0Ba_
FN:393,_RNCNvMNtNtNtCs3mbXwXxPNJN_8devsweep3app4tabs14quarantine_tabNtNtB8_5state8DevSweep24render_quarantine_records3_0Ba_
FN:299,_RNCNvMNtNtNtCs3mbXwXxPNJN_8devsweep3app4tabs14quarantine_tabNtNtB8_5state8DevSweep24render_quarantine_records_0Ba_
FN:7,_RNvMNtNtNtCs3mbXwXxPNJN_8devsweep3app4tabs14quarantine_tabNtNtB6_5state8DevSweep21render_quarantine_tab
FN:409,_RNvMNtNtNtCs3mbXwXxPNJN_8devsweep3app4tabs14quarantine_tabNtNtB6_5state8DevSweep22render_quarantine_item
FN:269,_RNvMNtNtNtCs3mbXwXxPNJN_8devsweep3app4tabs14quarantine_tabNtNtB6_5state8DevSweep24render_quarantine_record
FNDA:0,_RNCNCNvMNtNtNtCshVE6m5yoyjE_8devsweep3app4tabs14quarantine_tabNtNtBa_5state8DevSweep21render_quarantine_tabs4_00Bc_
FNDA:0,_RNCNCNvMNtNtNtCshVE6m5yoyjE_8devsweep3app4tabs14quarantine_tabNtNtBa_5state8DevSweep21render_quarantine_tabs4_0s0_0Bc_
FNDA:0,_RNCNCNvMNtNtNtCshVE6m5yoyjE_8devsweep3app4tabs14quarantine_tabNtNtBa_5state8DevSweep21render_quarantine_tabs4_0s_0Bc_
FNDA:0,_RNCNCNvMNtNtNtCshVE6m5yoyjE_8devsweep3app4tabs14quarantine_tabNtNtBa_5state8DevSweep21render_quarantine_tabs6_00Bc_
FNDA:0,_RNCNCNvMNtNtNtCshVE6m5yoyjE_8devsweep3app4tabs14quarantine_tabNtNtBa_5state8DevSweep22render_quarantine_items1_00Bc_
FNDA:0,_RNCNCNvMNtNtNtCshVE6m5yoyjE_8devsweep3app4tabs14quarantine_tabNtNtBa_5state8DevSweep22render_quarantine_items1_0s0_0Bc_
FNDA:0,_RNCNCNvMNtNtNtCshVE6m5yoyjE_8devsweep3app4tabs14quarantine_tabNtNtBa_5state8DevSweep22render_quarantine_items1_0s_0Bc_
FNDA:0,_RNCNCNvMNtNtNtCshVE6m5yoyjE_8devsweep3app4tabs14quarantine_tabNtNtBa_5state8DevSweep24render_quarantine_records2_00Bc_
FNDA:0,_RNCNCNvMNtNtNtCshVE6m5yoyjE_8devsweep3app4tabs14quarantine_tabNtNtBa_5state8DevSweep24render_quarantine_records2_0s0_0Bc_
FNDA:0,_RNCNCNvMNtNtNtCshVE6m5yoyjE_8devsweep3app4tabs14quarantine_tabNtNtBa_5state8DevSweep24render_quarantine_records2_0s_0Bc_
FNDA:0,_RNCNCNvMNtNtNtCshVE6m5yoyjE_8devsweep3app4tabs14quarantine_tabNtNtBa_5state8DevSweep24render_quarantine_records3_00Bc_
FNDA:0,_RNCNvMNtNtNtCshVE6m5yoyjE_8devsweep3app4tabs14quarantine_tabNtNtB8_5state8DevSweep21render_quarantine_tab0Ba_
FNDA:0,_RNCNvMNtNtNtCshVE6m5yoyjE_8devsweep3app4tabs14quarantine_tabNtNtB8_5state8DevSweep21render_quarantine_tabs0_0Ba_
FNDA:0,_RNCNvMNtNtNtCshVE6m5yoyjE_8devsweep3app4tabs14quarantine_tabNtNtB8_5state8DevSweep21render_quarantine_tabs1_0Ba_
FNDA:0,_RNCNvMNtNtNtCshVE6m5yoyjE_8devsweep3app4tabs14quarantine_tabNtNtB8_5state8DevSweep21render_quarantine_tabs2_0Ba_
FNDA:0,_RNCNvMNtNtNtCshVE6m5yoyjE_8devsweep3app4tabs14quarantine_tabNtNtB8_5state8DevSweep21render_quarantine_tabs3_0Ba_
FNDA:0,_RNCNvMNtNtNtCshVE6m5yoyjE_8devsweep3app4tabs14quarantine_tabNtNtB8_5state8DevSweep21render_quarantine_tabs4_0Ba_
FNDA:0,_RNCNvMNtNtNtCshVE6m5yoyjE_8devsweep3app4tabs14quarantine_tabNtNtB8_5state8DevSweep21render_quarantine_tabs5_0Ba_
FNDA:0,_RNCNvMNtNtNtCshVE6m5yoyjE_8devsweep3app4tabs14quarantine_tabNtNtB8_5state8DevSweep21render_quarantine_tabs6_0Ba_
FNDA:0,_RNCNvMNtNtNtCshVE6m5yoyjE_8devsweep3app4tabs14quarantine_tabNtNtB8_5state8DevSweep21render_quarantine_tabs_0Ba_
FNDA:0,_RNCNvMNtNtNtCshVE6m5yoyjE_8devsweep3app4tabs14quarantine_tabNtNtB8_5state8DevSweep22render_quarantine_item0Ba_
FNDA:0,_RNCNvMNtNtNtCshVE6m5yoyjE_8devsweep3app4tabs14quarantine_tabNtNtB8_5state8DevSweep22render_quarantine_items0_0Ba_
FNDA:0,_RNCNvMNtNtNtCshVE6m5yoyjE_8devsweep3app4tabs14quarantine_tabNtNtB8_5state8DevSweep22render_quarantine_items1_0Ba_
FNDA:0,_RNCNvMNtNtNtCshVE6m5yoyjE_8devsweep3app4tabs14quarantine_tabNtNtB8_5state8DevSweep22render_quarantine_items_0Ba_
FNDA:0,_RNCNvMNtNtNtCshVE6m5yoyjE_8devsweep3app4tabs14quarantine_tabNtNtB8_5state8DevSweep24render_quarantine_record0Ba_
FNDA:0,_RNCNvMNtNtNtCshVE6m5yoyjE_8devsweep3app4tabs14quarantine_tabNtNtB8_5state8DevSweep24render_quarantine_records0_0Ba_
FNDA:0,_RNCNvMNtNtNtCshVE6m5yoyjE_8devsweep3app4tabs14quarantine_tabNtNtB8_5state8DevSweep24render_quarantine_records1_0Ba_
FNDA:0,_RNCNvMNtNtNtCshVE6m5yoyjE_8devsweep3app4tabs14quarantine_tabNtNtB8_5state8DevSweep24render_quarantine_records2_0Ba_
FNDA:0,_RNCNvMNtNtNtCshVE6m5yoyjE_8devsweep3app4tabs14quarantine_tabNtNtB8_5state8DevSweep24render_quarantine_records3_0Ba_
FNDA:0,_RNCNvMNtNtNtCshVE6m5yoyjE_8devsweep3app4tabs14quarantine_tabNtNtB8_5state8DevSweep24render_quarantine_records_0Ba_
FNDA:0,_RNvMNtNtNtCshVE6m5yoyjE_8devsweep3app4tabs14quarantine_tabNtNtB6_5state8DevSweep21render_quarantine_tab
FNDA:0,_RNvMNtNtNtCshVE6m5yoyjE_8devsweep3app4tabs14quarantine_tabNtNtB6_5state8DevSweep22render_quarantine_item
FNDA:0,_RNvMNtNtNtCshVE6m5yoyjE_8devsweep3app4tabs14quarantine_tabNtNtB6_5state8DevSweep24render_quarantine_record
FNDA:0,_RNCNCNvMNtNtNtCs3mbXwXxPNJN_8devsweep3app4tabs14quarantine_tabNtNtBa_5state8DevSweep21render_quarantine_tabs4_00Bc_
FNDA:0,_RNCNCNvMNtNtNtCs3mbXwXxPNJN_8devsweep3app4tabs14quarantine_tabNtNtBa_5state8DevSweep21render_quarantine_tabs4_0s0_0Bc_
FNDA:0,_RNCNCNvMNtNtNtCs3mbXwXxPNJN_8devsweep3app4tabs14quarantine_tabNtNtBa_5state8DevSweep21render_quarantine_tabs4_0s_0Bc_
FNDA:0,_RNCNCNvMNtNtNtCs3mbXwXxPNJN_8devsweep3app4tabs14quarantine_tabNtNtBa_5state8DevSweep21render_quarantine_tabs6_00Bc_
FNDA:0,_RNCNCNvMNtNtNtCs3mbXwXxPNJN_8devsweep3app4tabs14quarantine_tabNtNtBa_5state8DevSweep22render_quarantine_items1_00Bc_
FNDA:0,_RNCNCNvMNtNtNtCs3mbXwXxPNJN_8devsweep3app4tabs14quarantine_tabNtNtBa_5state8DevSweep22render_quarantine_items1_0s0_0Bc_
FNDA:0,_RNCNCNvMNtNtNtCs3mbXwXxPNJN_8devsweep3app4tabs14quarantine_tabNtNtBa_5state8DevSweep22render_quarantine_items1_0s_0Bc_
FNDA:0,_RNCNCNvMNtNtNtCs3mbXwXxPNJN_8devsweep3app4tabs14quarantine_tabNtNtBa_5state8DevSweep24render_quarantine_records2_00Bc_
FNDA:0,_RNCNCNvMNtNtNtCs3mbXwXxPNJN_8devsweep3app4tabs14quarantine_tabNtNtBa_5state8DevSweep24render_quarantine_records2_0s0_0Bc_
FNDA:0,_RNCNCNvMNtNtNtCs3mbXwXxPNJN_8devsweep3app4tabs14quarantine_tabNtNtBa_5state8DevSweep24render_quarantine_records2_0s_0Bc_
FNDA:0,_RNCNCNvMNtNtNtCs3mbXwXxPNJN_8devsweep3app4tabs14quarantine_tabNtNtBa_5state8DevSweep24render_quarantine_records3_00Bc_
FNDA:0,_RNCNvMNtNtNtCs3mbXwXxPNJN_8devsweep3app4tabs14quarantine_tabNtNtB8_5state8DevSweep21render_quarantine_tab0Ba_
FNDA:0,_RNCNvMNtNtNtCs3mbXwXxPNJN_8devsweep3app4tabs14quarantine_tabNtNtB8_5state8DevSweep21render_quarantine_tabs0_0Ba_
FNDA:0,_RNCNvMNtNtNtCs3mbXwXxPNJN_8devsweep3app4tabs14quarantine_tabNtNtB8_5state8DevSweep21render_quarantine_tabs1_0Ba_
FNDA:0,_RNCNvMNtNtNtCs3mbXwXxPNJN_8devsweep3app4tabs14quarantine_tabNtNtB8_5state8DevSweep21render_quarantine_tabs2_0Ba_
FNDA:0,_RNCNvMNtNtNtCs3mbXwXxPNJN_8devsweep3app4tabs14quarantine_tabNtNtB8_5state8DevSweep21render_quarantine_tabs3_0Ba_
FNDA:0,_RNCNvMNtNtNtCs3mbXwXxPNJN_8devsweep3app4tabs14quarantine_tabNtNtB8_5state8DevSweep21render_quarantine_tabs4_0Ba_
FNDA:0,_RNCNvMNtNtNtCs3mbXwXxPNJN_8devsweep3app4tabs14quarantine_tabNtNtB8_5state8DevSweep21render_quarantine_tabs5_0Ba_
FNDA:0,_RNCNvMNtNtNtCs3mbXwXxPNJN_8devsweep3app4tabs14quarantine_tabNtNtB8_5state8DevSweep21render_quarantine_tabs6_0Ba_
FNDA:0,_RNCNvMNtNtNtCs3mbXwXxPNJN_8devsweep3app4tabs14quarantine_tabNtNtB8_5state8DevSweep21render_quarantine_tabs_0Ba_
FNDA:0,_RNCNvMNtNtNtCs3mbXwXxPNJN_8devsweep3app4tabs14quarantine_tabNtNtB8_5state8DevSweep22render_quarantine_item0Ba_
FNDA:0,_RNCNvMNtNtNtCs3mbXwXxPNJN_8devsweep3app4tabs14quarantine_tabNtNtB8_5state8DevSweep22render_quarantine_items0_0Ba_
FNDA:0,_RNCNvMNtNtNtCs3mbXwXxPNJN_8devsweep3app4tabs14quarantine_tabNtNtB8_5state8DevSweep22render_quarantine_items1_0Ba_
FNDA:0,_RNCNvMNtNtNtCs3mbXwXxPNJN_8devsweep3app4tabs14quarantine_tabNtNtB8_5state8DevSweep22render_quarantine_items_0Ba_
FNDA:0,_RNCNvMNtNtNtCs3mbXwXxPNJN_8devsweep3app4tabs14quarantine_tabNtNtB8_5state8DevSweep24render_quarantine_record0Ba_
FNDA:0,_RNCNvMNtNtNtCs3mbXwXxPNJN_8devsweep3app4tabs14quarantine_tabNtNtB8_5state8DevSweep24render_quarantine_records0_0Ba_
FNDA:0,_RNCNvMNtNtNtCs3mbXwXxPNJN_8devsweep3app4tabs14quarantine_tabNtNtB8_5state8DevSweep24render_quarantine_records1_0Ba_
FNDA:0,_RNCNvMNtNtNtCs3mbXwXxPNJN_8devsweep3app4tabs14quarantine_tabNtNtB8_5state8DevSweep24render_quarantine_records2_0Ba_
FNDA:0,_RNCNvMNtNtNtCs3mbXwXxPNJN_8devsweep3app4tabs14quarantine_tabNtNtB8_5state8DevSweep24render_quarantine_records3_0Ba_
FNDA:0,_RNCNvMNtNtNtCs3mbXwXxPNJN_8devsweep3app4tabs14quarantine_tabNtNtB8_5state8DevSweep24render_quarantine_records_0Ba_
FNDA:0,_RNvMNtNtNtCs3mbXwXxPNJN_8devsweep3app4tabs14quarantine_tabNtNtB6_5state8DevSweep21render_quarantine_tab
FNDA:0,_RNvMNtNtNtCs3mbXwXxPNJN_8devsweep3app4tabs14quarantine_tabNtNtB6_5state8DevSweep22render_quarantine_item
FNDA:0,_RNvMNtNtNtCs3mbXwXxPNJN_8devsweep3app4tabs14quarantine_tabNtNtB6_5state8DevSweep24render_quarantine_record
FNF:33
FNH:0
DA:7,0
DA:8,0
DA:9,0
DA:10,0
DA:11,0
DA:12,0
DA:13,0
DA:14,0
DA:16,0
DA:17,0
DA:18,0
DA:19,0
DA:20,0
DA:21,0
DA:23,0
DA:24,0
DA:25,0
DA:26,0
DA:27,0
DA:28,0
DA:29,0
DA:30,0
DA:31,0
DA:32,0
DA:33,0
DA:34,0
DA:35,0
DA:36,0
DA:37,0
DA:38,0
DA:39,0
DA:40,0
DA:41,0
DA:42,0
DA:44,0
DA:45,0
DA:46,0
DA:47,0
DA:48,0
DA:51,0
DA:52,0
DA:53,0
DA:54,0
DA:55,0
DA:56,0
DA:57,0
DA:58,0
DA:59,0
DA:60,0
DA:61,0
DA:62,0
DA:63,0
DA:64,0
DA:65,0
DA:66,0
DA:67,0
DA:68,0
DA:69,0
DA:70,0
DA:71,0
DA:72,0
DA:73,0
DA:74,0
DA:75,0
DA:76,0
DA:79,0
DA:80,0
DA:81,0
DA:82,0
DA:83,0
DA:84,0
DA:85,0
DA:86,0
DA:87,0
DA:88,0
DA:89,0
DA:90,0
DA:91,0
DA:92,0
DA:93,0
DA:94,0
DA:95,0
DA:96,0
DA:97,0
DA:98,0
DA:99,0
DA:100,0
DA:101,0
DA:102,0
DA:103,0
DA:104,0
DA:105,0
DA:106,0
DA:109,0
DA:110,0
DA:111,0
DA:112,0
DA:113,0
DA:114,0
DA:115,0
DA:116,0
DA:117,0
DA:118,0
DA:119,0
DA:120,0
DA:121,0
DA:122,0
DA:123,0
DA:124,0
DA:125,0
DA:126,0
DA:127,0
DA:128,0
DA:129,0
DA:130,0
DA:131,0
DA:132,0
DA:135,0
DA:136,0
DA:137,0
DA:138,0
DA:139,0
DA:140,0
DA:141,0
DA:142,0
DA:143,0
DA:144,0
DA:145,0
DA:146,0
DA:147,0
DA:150,0
DA:154,0
DA:155,0
DA:156,0
DA:157,0
DA:158,0
DA:159,0
DA:160,0
DA:161,0
DA:162,0
DA:163,0
DA:164,0
DA:165,0
DA:166,0
DA:167,0
DA:168,0
DA:169,0
DA:170,0
DA:171,0
DA:172,0
DA:174,0
DA:175,0
DA:176,0
DA:177,0
DA:178,0
DA:179,0
DA:182,0
DA:183,0
DA:184,0
DA:185,0
DA:186,0
DA:187,0
DA:188,0
DA:189,0
DA:190,0
DA:191,0
DA:193,0
DA:194,0
DA:195,0
DA:196,0
DA:197,0
DA:198,0
DA:201,0
DA:202,0
DA:203,0
DA:204,0
DA:205,0
DA:206,0
DA:207,0
DA:208,0
DA:209,0
DA:210,0
DA:212,0
DA:213,0
DA:214,0
DA:215,0
DA:216,0
DA:217,0
DA:222,0
DA:223,0
DA:224,0
DA:225,0
DA:226,0
DA:227,0
DA:228,0
DA:229,0
DA:230,0
DA:231,0
DA:232,0
DA:233,0
DA:234,0
DA:235,0
DA:236,0
DA:240,0
DA:241,0
DA:242,0
DA:243,0
DA:244,0
DA:245,0
DA:246,0
DA:247,0
DA:249,0
DA:250,0
DA:251,0
DA:252,0
DA:253,0
DA:254,0
DA:255,0
DA:257,0
DA:258,0
DA:259,0
DA:260,0
DA:261,0
DA:263,0
DA:267,0
DA:269,0
DA:270,0
DA:271,0
DA:272,0
DA:273,0
DA:274,0
DA:275,0
DA:276,0
DA:277,0
DA:278,0
DA:279,0
DA:281,0
DA:282,0
DA:283,0
DA:284,0
DA:285,0
DA:286,0
DA:288,0
DA:289,0
DA:290,0
DA:291,0
DA:292,0
DA:293,0
DA:294,0
DA:295,0
DA:296,0
DA:297,0
DA:298,0
DA:299,0
DA:300,0
DA:301,0
DA:302,0
DA:303,0
DA:304,0
DA:305,0
DA:306,0
DA:307,0
DA:308,0
DA:309,0
DA:311,0
DA:312,0
DA:313,0
DA:314,0
DA:315,0
DA:316,0
DA:317,0
DA:318,0
DA:319,0
DA:320,0
DA:321,0
DA:322,0
DA:324,0
DA:325,0
DA:326,0
DA:327,0
DA:328,0
DA:329,0
DA:330,0
DA:331,0
DA:332,0
DA:333,0
DA:335,0
DA:336,0
DA:337,0
DA:338,0
DA:339,0
DA:340,0
DA:342,0
DA:345,0
DA:346,0
DA:347,0
DA:348,0
DA:349,0
DA:350,0
DA:351,0
DA:352,0
DA:353,0
DA:354,0
DA:355,0
DA:358,0
DA:359,0
DA:360,0
DA:361,0
DA:362,0
DA:363,0
DA:365,0
DA:366,0
DA:367,0
DA:368,0
DA:369,0
DA:370,0
DA:371,0
DA:372,0
DA:373,0
DA:374,0
DA:375,0
DA:376,0
DA:377,0
DA:378,0
DA:379,0
DA:380,0
DA:381,0
DA:382,0
DA:383,0
DA:384,0
DA:385,0
DA:386,0
DA:387,0
DA:390,0
DA:393,0
DA:394,0
DA:395,0
DA:396,0
DA:397,0
DA:398,0
DA:399,0
DA:400,0
DA:401,0
DA:402,0
DA:403,0
DA:406,0
DA:407,0
DA:409,0
DA:410,0
DA:411,0
DA:412,0
DA:413,0
DA:414,0
DA:415,0
DA:416,0
DA:417,0
DA:418,0
DA:419,0
DA:421,0
DA:422,0
DA:423,0
DA:424,0
DA:425,0
DA:426,0
DA:427,0
DA:428,0
DA:429,0
DA:430,0
DA:431,0
DA:432,0
DA:433,0
DA:434,0
DA:435,0
DA:436,0
DA:437,0
DA:439,0
DA:442,0
DA:443,0
DA:444,0
DA:445,0
DA:446,0
DA:447,0
DA:448,0
DA:449,0
DA:450,0
DA:451,0
DA:452,0
DA:454,0
DA:455,0
DA:456,0
DA:457,0
DA:458,0
DA:460,0
DA:461,0
DA:462,0
DA:463,0
DA:464,0
DA:465,0
DA:467,0
DA:469,0
DA:470,0
DA:471,0
DA:472,0
DA:473,0
DA:474,0
DA:475,0
DA:476,0
DA:477,0
DA:478,0
DA:479,0
DA:480,0
DA:483,0
DA:484,0
DA:485,0
DA:486,0
DA:487,0
DA:488,0
DA:490,0
DA:491,0
DA:492,0
DA:493,0
DA:494,0
DA:497,0
DA:498,0
DA:499,0
DA:500,0
DA:501,0
DA:502,0
DA:503,0
DA:504,0
DA:505,0
DA:506,0
DA:507,0
DA:508,0
DA:509,0
DA:510,0
DA:511,0
DA:512,0
DA:515,0
DA:516,0
BRF:0
BRH:0
LF:470
LH:0
end_of_record
SF:/Users/canggih/Documents/Kedata/cleanstorage/dev-cleaner/src/app/tabs/scan_tab.rs
FN:445,_RNCNCNCNvMNtNtNtCshVE6m5yoyjE_8devsweep3app4tabs8scan_tabNtNtBc_5state8DevSweep23render_category_sections4_000Be_
FN:246,_RNCNCNvMNtNtNtCshVE6m5yoyjE_8devsweep3app4tabs8scan_tabNtNtBa_5state8DevSweep15render_scan_tabs6_00Bc_
FN:252,_RNCNCNvMNtNtNtCshVE6m5yoyjE_8devsweep3app4tabs8scan_tabNtNtBa_5state8DevSweep15render_scan_tabs6_0s0_0Bc_
FN:247,_RNCNCNvMNtNtNtCshVE6m5yoyjE_8devsweep3app4tabs8scan_tabNtNtBa_5state8DevSweep15render_scan_tabs6_0s_0Bc_
FN:295,_RNCNCNvMNtNtNtCshVE6m5yoyjE_8devsweep3app4tabs8scan_tabNtNtBa_5state8DevSweep15render_scan_tabs8_00Bc_
FN:85,_RNCNCNvMNtNtNtCshVE6m5yoyjE_8devsweep3app4tabs8scan_tabNtNtBa_5state8DevSweep15render_scan_tabs_00Bc_
FN:91,_RNCNCNvMNtNtNtCshVE6m5yoyjE_8devsweep3app4tabs8scan_tabNtNtBa_5state8DevSweep15render_scan_tabs_0s0_0Bc_
FN:110,_RNCNCNvMNtNtNtCshVE6m5yoyjE_8devsweep3app4tabs8scan_tabNtNtBa_5state8DevSweep15render_scan_tabs_0s1_0Bc_
FN:111,_RNCNCNvMNtNtNtCshVE6m5yoyjE_8devsweep3app4tabs8scan_tabNtNtBa_5state8DevSweep15render_scan_tabs_0s2_0Bc_
FN:114,_RNCNCNvMNtNtNtCshVE6m5yoyjE_8devsweep3app4tabs8scan_tabNtNtBa_5state8DevSweep15render_scan_tabs_0s3_0Bc_
FN:86,_RNCNCNvMNtNtNtCshVE6m5yoyjE_8devsweep3app4tabs8scan_tabNtNtBa_5state8DevSweep15render_scan_tabs_0s_0Bc_
FN:441,_RNCNCNvMNtNtNtCshVE6m5yoyjE_8devsweep3app4tabs8scan_tabNtNtBa_5state8DevSweep23render_category_sections4_00Bc_
FN:57,_RNCNvMNtNtNtCshVE6m5yoyjE_8devsweep3app4tabs8scan_tabNtNtB8_5state8DevSweep15render_scan_tab0Ba_
FN:199,_RNCNvMNtNtNtCshVE6m5yoyjE_8devsweep3app4tabs8scan_tabNtNtB8_5state8DevSweep15render_scan_tabs0_0Ba_
FN:200,_RNCNvMNtNtNtCshVE6m5yoyjE_8devsweep3app4tabs8scan_tabNtNtB8_5state8DevSweep15render_scan_tabs1_0Ba_
FN:203,_RNCNvMNtNtNtCshVE6m5yoyjE_8devsweep3app4tabs8scan_tabNtNtB8_5state8DevSweep15render_scan_tabs2_0Ba_
FN:222,_RNCNvMNtNtNtCshVE6m5yoyjE_8devsweep3app4tabs8scan_tabNtNtB8_5state8DevSweep15render_scan_tabs3_0Ba_
FN:223,_RNCNvMNtNtNtCshVE6m5yoyjE_8devsweep3app4tabs8scan_tabNtNtB8_5state8DevSweep15render_scan_tabs4_0Ba_
FN:226,_RNCNvMNtNtNtCshVE6m5yoyjE_8devsweep3app4tabs8scan_tabNtNtB8_5state8DevSweep15render_scan_tabs5_0Ba_
FN:237,_RNCNvMNtNtNtCshVE6m5yoyjE_8devsweep3app4tabs8scan_tabNtNtB8_5state8DevSweep15render_scan_tabs6_0Ba_
FN:264,_RNCNvMNtNtNtCshVE6m5yoyjE_8devsweep3app4tabs8scan_tabNtNtB8_5state8DevSweep15render_scan_tabs7_0Ba_
FN:292,_RNCNvMNtNtNtCshVE6m5yoyjE_8devsweep3app4tabs8scan_tabNtNtB8_5state8DevSweep15render_scan_tabs8_0Ba_
FN:76,_RNCNvMNtNtNtCshVE6m5yoyjE_8devsweep3app4tabs8scan_tabNtNtB8_5state8DevSweep15render_scan_tabs_0Ba_
FN:477,_RNCNvMNtNtNtCshVE6m5yoyjE_8devsweep3app4tabs8scan_tabNtNtB8_5state8DevSweep19render_cleanup_item0Ba_
FN:482,_RNCNvMNtNtNtCshVE6m5yoyjE_8devsweep3app4tabs8scan_tabNtNtB8_5state8DevSweep19render_cleanup_items0_0Ba_
FN:506,_RNCNvMNtNtNtCshVE6m5yoyjE_8devsweep3app4tabs8scan_tabNtNtB8_5state8DevSweep19render_cleanup_items1_0Ba_
FN:528,_RNCNvMNtNtNtCshVE6m5yoyjE_8devsweep3app4tabs8scan_tabNtNtB8_5state8DevSweep19render_cleanup_items2_0Ba_
FN:538,_RNCNvMNtNtNtCshVE6m5yoyjE_8devsweep3app4tabs8scan_tabNtNtB8_5state8DevSweep19render_cleanup_items3_0Ba_
FN:554,_RNCNvMNtNtNtCshVE6m5yoyjE_8devsweep3app4tabs8scan_tabNtNtB8_5state8DevSweep19render_cleanup_items4_0Ba_
FN:478,_RNCNvMNtNtNtCshVE6m5yoyjE_8devsweep3app4tabs8scan_tabNtNtB8_5state8DevSweep19render_cleanup_items_0Ba_
FN:355,_RNCNvMNtNtNtCshVE6m5yoyjE_8devsweep3app4tabs8scan_tabNtNtB8_5state8DevSweep23render_category_section0Ba_
FN:358,_RNCNvMNtNtNtCshVE6m5yoyjE_8devsweep3app4tabs8scan_tabNtNtB8_5state8DevSweep23render_category_sections0_0Ba_
FN:390,_RNCNvMNtNtNtCshVE6m5yoyjE_8devsweep3app4tabs8scan_tabNtNtB8_5state8DevSweep23render_category_sections1_0Ba_
FN:391,_RNCNvMNtNtNtCshVE6m5yoyjE_8devsweep3app4tabs8scan_tabNtNtB8_5state8DevSweep23render_category_sections2_0Ba_
FN:395,_RNCNvMNtNtNtCshVE6m5yoyjE_8devsweep3app4tabs8scan_tabNtNtB8_5state8DevSweep23render_category_sections3_0Ba_
FN:434,_RNCNvMNtNtNtCshVE6m5yoyjE_8devsweep3app4tabs8scan_tabNtNtB8_5state8DevSweep23render_category_sections4_0Ba_
FN:356,_RNCNvMNtNtNtCshVE6m5yoyjE_8devsweep3app4tabs8scan_tabNtNtB8_5state8DevSweep23render_category_sections_0Ba_
FN:311,_RNvMNtNtNtCshVE6m5yoyjE_8devsweep3app4tabs8scan_tabNtNtB6_5state8DevSweep11empty_state
FN:7,_RNvMNtNtNtCshVE6m5yoyjE_8devsweep3app4tabs8scan_tabNtNtB6_5state8DevSweep15render_scan_tab
FN:457,_RNvMNtNtNtCshVE6m5yoyjE_8devsweep3app4tabs8scan_tabNtNtB6_5state8DevSweep19render_cleanup_item
FN:329,_RNvMNtNtNtCshVE6m5yoyjE_8devsweep3app4tabs8scan_tabNtNtB6_5state8DevSweep23render_category_section
FN:445,_RNCNCNCNvMNtNtNtCs3mbXwXxPNJN_8devsweep3app4tabs8scan_tabNtNtBc_5state8DevSweep23render_category_sections4_000Be_
FN:246,_RNCNCNvMNtNtNtCs3mbXwXxPNJN_8devsweep3app4tabs8scan_tabNtNtBa_5state8DevSweep15render_scan_tabs6_00Bc_
FN:252,_RNCNCNvMNtNtNtCs3mbXwXxPNJN_8devsweep3app4tabs8scan_tabNtNtBa_5state8DevSweep15render_scan_tabs6_0s0_0Bc_
FN:247,_RNCNCNvMNtNtNtCs3mbXwXxPNJN_8devsweep3app4tabs8scan_tabNtNtBa_5state8DevSweep15render_scan_tabs6_0s_0Bc_
FN:295,_RNCNCNvMNtNtNtCs3mbXwXxPNJN_8devsweep3app4tabs8scan_tabNtNtBa_5state8DevSweep15render_scan_tabs8_00Bc_
FN:85,_RNCNCNvMNtNtNtCs3mbXwXxPNJN_8devsweep3app4tabs8scan_tabNtNtBa_5state8DevSweep15render_scan_tabs_00Bc_
FN:91,_RNCNCNvMNtNtNtCs3mbXwXxPNJN_8devsweep3app4tabs8scan_tabNtNtBa_5state8DevSweep15render_scan_tabs_0s0_0Bc_
FN:110,_RNCNCNvMNtNtNtCs3mbXwXxPNJN_8devsweep3app4tabs8scan_tabNtNtBa_5state8DevSweep15render_scan_tabs_0s1_0Bc_
FN:111,_RNCNCNvMNtNtNtCs3mbXwXxPNJN_8devsweep3app4tabs8scan_tabNtNtBa_5state8DevSweep15render_scan_tabs_0s2_0Bc_
FN:114,_RNCNCNvMNtNtNtCs3mbXwXxPNJN_8devsweep3app4tabs8scan_tabNtNtBa_5state8DevSweep15render_scan_tabs_0s3_0Bc_
FN:86,_RNCNCNvMNtNtNtCs3mbXwXxPNJN_8devsweep3app4tabs8scan_tabNtNtBa_5state8DevSweep15render_scan_tabs_0s_0Bc_
FN:441,_RNCNCNvMNtNtNtCs3mbXwXxPNJN_8devsweep3app4tabs8scan_tabNtNtBa_5state8DevSweep23render_category_sections4_00Bc_
FN:57,_RNCNvMNtNtNtCs3mbXwXxPNJN_8devsweep3app4tabs8scan_tabNtNtB8_5state8DevSweep15render_scan_tab0Ba_
FN:199,_RNCNvMNtNtNtCs3mbXwXxPNJN_8devsweep3app4tabs8scan_tabNtNtB8_5state8DevSweep15render_scan_tabs0_0Ba_
FN:200,_RNCNvMNtNtNtCs3mbXwXxPNJN_8devsweep3app4tabs8scan_tabNtNtB8_5state8DevSweep15render_scan_tabs1_0Ba_
FN:203,_RNCNvMNtNtNtCs3mbXwXxPNJN_8devsweep3app4tabs8scan_tabNtNtB8_5state8DevSweep15render_scan_tabs2_0Ba_
FN:222,_RNCNvMNtNtNtCs3mbXwXxPNJN_8devsweep3app4tabs8scan_tabNtNtB8_5state8DevSweep15render_scan_tabs3_0Ba_
FN:223,_RNCNvMNtNtNtCs3mbXwXxPNJN_8devsweep3app4tabs8scan_tabNtNtB8_5state8DevSweep15render_scan_tabs4_0Ba_
FN:226,_RNCNvMNtNtNtCs3mbXwXxPNJN_8devsweep3app4tabs8scan_tabNtNtB8_5state8DevSweep15render_scan_tabs5_0Ba_
FN:237,_RNCNvMNtNtNtCs3mbXwXxPNJN_8devsweep3app4tabs8scan_tabNtNtB8_5state8DevSweep15render_scan_tabs6_0Ba_
FN:264,_RNCNvMNtNtNtCs3mbXwXxPNJN_8devsweep3app4tabs8scan_tabNtNtB8_5state8DevSweep15render_scan_tabs7_0Ba_
FN:292,_RNCNvMNtNtNtCs3mbXwXxPNJN_8devsweep3app4tabs8scan_tabNtNtB8_5state8DevSweep15render_scan_tabs8_0Ba_
FN:76,_RNCNvMNtNtNtCs3mbXwXxPNJN_8devsweep3app4tabs8scan_tabNtNtB8_5state8DevSweep15render_scan_tabs_0Ba_
FN:477,_RNCNvMNtNtNtCs3mbXwXxPNJN_8devsweep3app4tabs8scan_tabNtNtB8_5state8DevSweep19render_cleanup_item0Ba_
FN:482,_RNCNvMNtNtNtCs3mbXwXxPNJN_8devsweep3app4tabs8scan_tabNtNtB8_5state8DevSweep19render_cleanup_items0_0Ba_
FN:506,_RNCNvMNtNtNtCs3mbXwXxPNJN_8devsweep3app4tabs8scan_tabNtNtB8_5state8DevSweep19render_cleanup_items1_0Ba_
FN:528,_RNCNvMNtNtNtCs3mbXwXxPNJN_8devsweep3app4tabs8scan_tabNtNtB8_5state8DevSweep19render_cleanup_items2_0Ba_
FN:538,_RNCNvMNtNtNtCs3mbXwXxPNJN_8devsweep3app4tabs8scan_tabNtNtB8_5state8DevSweep19render_cleanup_items3_0Ba_
FN:554,_RNCNvMNtNtNtCs3mbXwXxPNJN_8devsweep3app4tabs8scan_tabNtNtB8_5state8DevSweep19render_cleanup_items4_0Ba_
FN:478,_RNCNvMNtNtNtCs3mbXwXxPNJN_8devsweep3app4tabs8scan_tabNtNtB8_5state8DevSweep19render_cleanup_items_0Ba_
FN:355,_RNCNvMNtNtNtCs3mbXwXxPNJN_8devsweep3app4tabs8scan_tabNtNtB8_5state8DevSweep23render_category_section0Ba_
FN:358,_RNCNvMNtNtNtCs3mbXwXxPNJN_8devsweep3app4tabs8scan_tabNtNtB8_5state8DevSweep23render_category_sections0_0Ba_
FN:390,_RNCNvMNtNtNtCs3mbXwXxPNJN_8devsweep3app4tabs8scan_tabNtNtB8_5state8DevSweep23render_category_sections1_0Ba_
FN:391,_RNCNvMNtNtNtCs3mbXwXxPNJN_8devsweep3app4tabs8scan_tabNtNtB8_5state8DevSweep23render_category_sections2_0Ba_
FN:395,_RNCNvMNtNtNtCs3mbXwXxPNJN_8devsweep3app4tabs8scan_tabNtNtB8_5state8DevSweep23render_category_sections3_0Ba_
FN:434,_RNCNvMNtNtNtCs3mbXwXxPNJN_8devsweep3app4tabs8scan_tabNtNtB8_5state8DevSweep23render_category_sections4_0Ba_
FN:356,_RNCNvMNtNtNtCs3mbXwXxPNJN_8devsweep3app4tabs8scan_tabNtNtB8_5state8DevSweep23render_category_sections_0Ba_
FN:311,_RNvMNtNtNtCs3mbXwXxPNJN_8devsweep3app4tabs8scan_tabNtNtB6_5state8DevSweep11empty_state
FN:7,_RNvMNtNtNtCs3mbXwXxPNJN_8devsweep3app4tabs8scan_tabNtNtB6_5state8DevSweep15render_scan_tab
FN:457,_RNvMNtNtNtCs3mbXwXxPNJN_8devsweep3app4tabs8scan_tabNtNtB6_5state8DevSweep19render_cleanup_item
FN:329,_RNvMNtNtNtCs3mbXwXxPNJN_8devsweep3app4tabs8scan_tabNtNtB6_5state8DevSweep23render_category_section
FNDA:0,_RNCNCNCNvMNtNtNtCshVE6m5yoyjE_8devsweep3app4tabs8scan_tabNtNtBc_5state8DevSweep23render_category_sections4_000Be_
FNDA:0,_RNCNCNvMNtNtNtCshVE6m5yoyjE_8devsweep3app4tabs8scan_tabNtNtBa_5state8DevSweep15render_scan_tabs6_00Bc_
FNDA:0,_RNCNCNvMNtNtNtCshVE6m5yoyjE_8devsweep3app4tabs8scan_tabNtNtBa_5state8DevSweep15render_scan_tabs6_0s0_0Bc_
FNDA:0,_RNCNCNvMNtNtNtCshVE6m5yoyjE_8devsweep3app4tabs8scan_tabNtNtBa_5state8DevSweep15render_scan_tabs6_0s_0Bc_
FNDA:0,_RNCNCNvMNtNtNtCshVE6m5yoyjE_8devsweep3app4tabs8scan_tabNtNtBa_5state8DevSweep15render_scan_tabs8_00Bc_
FNDA:0,_RNCNCNvMNtNtNtCshVE6m5yoyjE_8devsweep3app4tabs8scan_tabNtNtBa_5state8DevSweep15render_scan_tabs_00Bc_
FNDA:0,_RNCNCNvMNtNtNtCshVE6m5yoyjE_8devsweep3app4tabs8scan_tabNtNtBa_5state8DevSweep15render_scan_tabs_0s0_0Bc_
FNDA:0,_RNCNCNvMNtNtNtCshVE6m5yoyjE_8devsweep3app4tabs8scan_tabNtNtBa_5state8DevSweep15render_scan_tabs_0s1_0Bc_
FNDA:0,_RNCNCNvMNtNtNtCshVE6m5yoyjE_8devsweep3app4tabs8scan_tabNtNtBa_5state8DevSweep15render_scan_tabs_0s2_0Bc_
FNDA:0,_RNCNCNvMNtNtNtCshVE6m5yoyjE_8devsweep3app4tabs8scan_tabNtNtBa_5state8DevSweep15render_scan_tabs_0s3_0Bc_
FNDA:0,_RNCNCNvMNtNtNtCshVE6m5yoyjE_8devsweep3app4tabs8scan_tabNtNtBa_5state8DevSweep15render_scan_tabs_0s_0Bc_
FNDA:0,_RNCNCNvMNtNtNtCshVE6m5yoyjE_8devsweep3app4tabs8scan_tabNtNtBa_5state8DevSweep23render_category_sections4_00Bc_
FNDA:0,_RNCNvMNtNtNtCshVE6m5yoyjE_8devsweep3app4tabs8scan_tabNtNtB8_5state8DevSweep15render_scan_tab0Ba_
FNDA:0,_RNCNvMNtNtNtCshVE6m5yoyjE_8devsweep3app4tabs8scan_tabNtNtB8_5state8DevSweep15render_scan_tabs0_0Ba_
FNDA:0,_RNCNvMNtNtNtCshVE6m5yoyjE_8devsweep3app4tabs8scan_tabNtNtB8_5state8DevSweep15render_scan_tabs1_0Ba_
FNDA:0,_RNCNvMNtNtNtCshVE6m5yoyjE_8devsweep3app4tabs8scan_tabNtNtB8_5state8DevSweep15render_scan_tabs2_0Ba_
FNDA:0,_RNCNvMNtNtNtCshVE6m5yoyjE_8devsweep3app4tabs8scan_tabNtNtB8_5state8DevSweep15render_scan_tabs3_0Ba_
FNDA:0,_RNCNvMNtNtNtCshVE6m5yoyjE_8devsweep3app4tabs8scan_tabNtNtB8_5state8DevSweep15render_scan_tabs4_0Ba_
FNDA:0,_RNCNvMNtNtNtCshVE6m5yoyjE_8devsweep3app4tabs8scan_tabNtNtB8_5state8DevSweep15render_scan_tabs5_0Ba_
FNDA:0,_RNCNvMNtNtNtCshVE6m5yoyjE_8devsweep3app4tabs8scan_tabNtNtB8_5state8DevSweep15render_scan_tabs6_0Ba_
FNDA:0,_RNCNvMNtNtNtCshVE6m5yoyjE_8devsweep3app4tabs8scan_tabNtNtB8_5state8DevSweep15render_scan_tabs7_0Ba_
FNDA:0,_RNCNvMNtNtNtCshVE6m5yoyjE_8devsweep3app4tabs8scan_tabNtNtB8_5state8DevSweep15render_scan_tabs8_0Ba_
FNDA:0,_RNCNvMNtNtNtCshVE6m5yoyjE_8devsweep3app4tabs8scan_tabNtNtB8_5state8DevSweep15render_scan_tabs_0Ba_
FNDA:0,_RNCNvMNtNtNtCshVE6m5yoyjE_8devsweep3app4tabs8scan_tabNtNtB8_5state8DevSweep19render_cleanup_item0Ba_
FNDA:0,_RNCNvMNtNtNtCshVE6m5yoyjE_8devsweep3app4tabs8scan_tabNtNtB8_5state8DevSweep19render_cleanup_items0_0Ba_
FNDA:0,_RNCNvMNtNtNtCshVE6m5yoyjE_8devsweep3app4tabs8scan_tabNtNtB8_5state8DevSweep19render_cleanup_items1_0Ba_
FNDA:0,_RNCNvMNtNtNtCshVE6m5yoyjE_8devsweep3app4tabs8scan_tabNtNtB8_5state8DevSweep19render_cleanup_items2_0Ba_
FNDA:0,_RNCNvMNtNtNtCshVE6m5yoyjE_8devsweep3app4tabs8scan_tabNtNtB8_5state8DevSweep19render_cleanup_items3_0Ba_
FNDA:0,_RNCNvMNtNtNtCshVE6m5yoyjE_8devsweep3app4tabs8scan_tabNtNtB8_5state8DevSweep19render_cleanup_items4_0Ba_
FNDA:0,_RNCNvMNtNtNtCshVE6m5yoyjE_8devsweep3app4tabs8scan_tabNtNtB8_5state8DevSweep19render_cleanup_items_0Ba_
FNDA:0,_RNCNvMNtNtNtCshVE6m5yoyjE_8devsweep3app4tabs8scan_tabNtNtB8_5state8DevSweep23render_category_section0Ba_
FNDA:0,_RNCNvMNtNtNtCshVE6m5yoyjE_8devsweep3app4tabs8scan_tabNtNtB8_5state8DevSweep23render_category_sections0_0Ba_
FNDA:0,_RNCNvMNtNtNtCshVE6m5yoyjE_8devsweep3app4tabs8scan_tabNtNtB8_5state8DevSweep23render_category_sections1_0Ba_
FNDA:0,_RNCNvMNtNtNtCshVE6m5yoyjE_8devsweep3app4tabs8scan_tabNtNtB8_5state8DevSweep23render_category_sections2_0Ba_
FNDA:0,_RNCNvMNtNtNtCshVE6m5yoyjE_8devsweep3app4tabs8scan_tabNtNtB8_5state8DevSweep23render_category_sections3_0Ba_
FNDA:0,_RNCNvMNtNtNtCshVE6m5yoyjE_8devsweep3app4tabs8scan_tabNtNtB8_5state8DevSweep23render_category_sections4_0Ba_
FNDA:0,_RNCNvMNtNtNtCshVE6m5yoyjE_8devsweep3app4tabs8scan_tabNtNtB8_5state8DevSweep23render_category_sections_0Ba_
FNDA:0,_RNvMNtNtNtCshVE6m5yoyjE_8devsweep3app4tabs8scan_tabNtNtB6_5state8DevSweep11empty_state
FNDA:0,_RNvMNtNtNtCshVE6m5yoyjE_8devsweep3app4tabs8scan_tabNtNtB6_5state8DevSweep15render_scan_tab
FNDA:0,_RNvMNtNtNtCshVE6m5yoyjE_8devsweep3app4tabs8scan_tabNtNtB6_5state8DevSweep19render_cleanup_item
FNDA:0,_RNvMNtNtNtCshVE6m5yoyjE_8devsweep3app4tabs8scan_tabNtNtB6_5state8DevSweep23render_category_section
FNDA:0,_RNCNCNCNvMNtNtNtCs3mbXwXxPNJN_8devsweep3app4tabs8scan_tabNtNtBc_5state8DevSweep23render_category_sections4_000Be_
FNDA:0,_RNCNCNvMNtNtNtCs3mbXwXxPNJN_8devsweep3app4tabs8scan_tabNtNtBa_5state8DevSweep15render_scan_tabs6_00Bc_
FNDA:0,_RNCNCNvMNtNtNtCs3mbXwXxPNJN_8devsweep3app4tabs8scan_tabNtNtBa_5state8DevSweep15render_scan_tabs6_0s0_0Bc_
FNDA:0,_RNCNCNvMNtNtNtCs3mbXwXxPNJN_8devsweep3app4tabs8scan_tabNtNtBa_5state8DevSweep15render_scan_tabs6_0s_0Bc_
FNDA:0,_RNCNCNvMNtNtNtCs3mbXwXxPNJN_8devsweep3app4tabs8scan_tabNtNtBa_5state8DevSweep15render_scan_tabs8_00Bc_
FNDA:0,_RNCNCNvMNtNtNtCs3mbXwXxPNJN_8devsweep3app4tabs8scan_tabNtNtBa_5state8DevSweep15render_scan_tabs_00Bc_
FNDA:0,_RNCNCNvMNtNtNtCs3mbXwXxPNJN_8devsweep3app4tabs8scan_tabNtNtBa_5state8DevSweep15render_scan_tabs_0s0_0Bc_
FNDA:0,_RNCNCNvMNtNtNtCs3mbXwXxPNJN_8devsweep3app4tabs8scan_tabNtNtBa_5state8DevSweep15render_scan_tabs_0s1_0Bc_
FNDA:0,_RNCNCNvMNtNtNtCs3mbXwXxPNJN_8devsweep3app4tabs8scan_tabNtNtBa_5state8DevSweep15render_scan_tabs_0s2_0Bc_
FNDA:0,_RNCNCNvMNtNtNtCs3mbXwXxPNJN_8devsweep3app4tabs8scan_tabNtNtBa_5state8DevSweep15render_scan_tabs_0s3_0Bc_
FNDA:0,_RNCNCNvMNtNtNtCs3mbXwXxPNJN_8devsweep3app4tabs8scan_tabNtNtBa_5state8DevSweep15render_scan_tabs_0s_0Bc_
FNDA:0,_RNCNCNvMNtNtNtCs3mbXwXxPNJN_8devsweep3app4tabs8scan_tabNtNtBa_5state8DevSweep23render_category_sections4_00Bc_
FNDA:0,_RNCNvMNtNtNtCs3mbXwXxPNJN_8devsweep3app4tabs8scan_tabNtNtB8_5state8DevSweep15render_scan_tab0Ba_
FNDA:0,_RNCNvMNtNtNtCs3mbXwXxPNJN_8devsweep3app4tabs8scan_tabNtNtB8_5state8DevSweep15render_scan_tabs0_0Ba_
FNDA:0,_RNCNvMNtNtNtCs3mbXwXxPNJN_8devsweep3app4tabs8scan_tabNtNtB8_5state8DevSweep15render_scan_tabs1_0Ba_
FNDA:0,_RNCNvMNtNtNtCs3mbXwXxPNJN_8devsweep3app4tabs8scan_tabNtNtB8_5state8DevSweep15render_scan_tabs2_0Ba_
FNDA:0,_RNCNvMNtNtNtCs3mbXwXxPNJN_8devsweep3app4tabs8scan_tabNtNtB8_5state8DevSweep15render_scan_tabs3_0Ba_
FNDA:0,_RNCNvMNtNtNtCs3mbXwXxPNJN_8devsweep3app4tabs8scan_tabNtNtB8_5state8DevSweep15render_scan_tabs4_0Ba_
FNDA:0,_RNCNvMNtNtNtCs3mbXwXxPNJN_8devsweep3app4tabs8scan_tabNtNtB8_5state8DevSweep15render_scan_tabs5_0Ba_
FNDA:0,_RNCNvMNtNtNtCs3mbXwXxPNJN_8devsweep3app4tabs8scan_tabNtNtB8_5state8DevSweep15render_scan_tabs6_0Ba_
FNDA:0,_RNCNvMNtNtNtCs3mbXwXxPNJN_8devsweep3app4tabs8scan_tabNtNtB8_5state8DevSweep15render_scan_tabs7_0Ba_
FNDA:0,_RNCNvMNtNtNtCs3mbXwXxPNJN_8devsweep3app4tabs8scan_tabNtNtB8_5state8DevSweep15render_scan_tabs8_0Ba_
FNDA:0,_RNCNvMNtNtNtCs3mbXwXxPNJN_8devsweep3app4tabs8scan_tabNtNtB8_5state8DevSweep15render_scan_tabs_0Ba_
FNDA:0,_RNCNvMNtNtNtCs3mbXwXxPNJN_8devsweep3app4tabs8scan_tabNtNtB8_5state8DevSweep19render_cleanup_item0Ba_
FNDA:0,_RNCNvMNtNtNtCs3mbXwXxPNJN_8devsweep3app4tabs8scan_tabNtNtB8_5state8DevSweep19render_cleanup_items0_0Ba_
FNDA:0,_RNCNvMNtNtNtCs3mbXwXxPNJN_8devsweep3app4tabs8scan_tabNtNtB8_5state8DevSweep19render_cleanup_items1_0Ba_
FNDA:0,_RNCNvMNtNtNtCs3mbXwXxPNJN_8devsweep3app4tabs8scan_tabNtNtB8_5state8DevSweep19render_cleanup_items2_0Ba_
FNDA:0,_RNCNvMNtNtNtCs3mbXwXxPNJN_8devsweep3app4tabs8scan_tabNtNtB8_5state8DevSweep19render_cleanup_items3_0Ba_
FNDA:0,_RNCNvMNtNtNtCs3mbXwXxPNJN_8devsweep3app4tabs8scan_tabNtNtB8_5state8DevSweep19render_cleanup_items4_0Ba_
FNDA:0,_RNCNvMNtNtNtCs3mbXwXxPNJN_8devsweep3app4tabs8scan_tabNtNtB8_5state8DevSweep19render_cleanup_items_0Ba_
FNDA:0,_RNCNvMNtNtNtCs3mbXwXxPNJN_8devsweep3app4tabs8scan_tabNtNtB8_5state8DevSweep23render_category_section0Ba_
FNDA:0,_RNCNvMNtNtNtCs3mbXwXxPNJN_8devsweep3app4tabs8scan_tabNtNtB8_5state8DevSweep23render_category_sections0_0Ba_
FNDA:0,_RNCNvMNtNtNtCs3mbXwXxPNJN_8devsweep3app4tabs8scan_tabNtNtB8_5state8DevSweep23render_category_sections1_0Ba_
FNDA:0,_RNCNvMNtNtNtCs3mbXwXxPNJN_8devsweep3app4tabs8scan_tabNtNtB8_5state8DevSweep23render_category_sections2_0Ba_
FNDA:0,_RNCNvMNtNtNtCs3mbXwXxPNJN_8devsweep3app4tabs8scan_tabNtNtB8_5state8DevSweep23render_category_sections3_0Ba_
FNDA:0,_RNCNvMNtNtNtCs3mbXwXxPNJN_8devsweep3app4tabs8scan_tabNtNtB8_5state8DevSweep23render_category_sections4_0Ba_
FNDA:0,_RNCNvMNtNtNtCs3mbXwXxPNJN_8devsweep3app4tabs8scan_tabNtNtB8_5state8DevSweep23render_category_sections_0Ba_
FNDA:0,_RNvMNtNtNtCs3mbXwXxPNJN_8devsweep3app4tabs8scan_tabNtNtB6_5state8DevSweep11empty_state
FNDA:0,_RNvMNtNtNtCs3mbXwXxPNJN_8devsweep3app4tabs8scan_tabNtNtB6_5state8DevSweep15render_scan_tab
FNDA:0,_RNvMNtNtNtCs3mbXwXxPNJN_8devsweep3app4tabs8scan_tabNtNtB6_5state8DevSweep19render_cleanup_item
FNDA:0,_RNvMNtNtNtCs3mbXwXxPNJN_8devsweep3app4tabs8scan_tabNtNtB6_5state8DevSweep23render_category_section
FNF:41
FNH:0
DA:7,0
DA:8,0
DA:9,0
DA:10,0
DA:11,0
DA:12,0
DA:13,0
DA:14,0
DA:15,0
DA:17,0
DA:18,0
DA:19,0
DA:20,0
DA:21,0
DA:22,0
DA:24,0
DA:25,0
DA:26,0
DA:27,0
DA:28,0
DA:29,0
DA:30,0
DA:31,0
DA:32,0
DA:33,0
DA:34,0
DA:35,0
DA:36,0
DA:37,0
DA:38,0
DA:39,0
DA:40,0
DA:41,0
DA:42,0
DA:43,0
DA:45,0
DA:46,0
DA:47,0
DA:48,0
DA:49,0
DA:52,0
DA:53,0
DA:54,0
DA:55,0
DA:56,0
DA:57,0
DA:58,0
DA:59,0
DA:60,0
DA:61,0
DA:62,0
DA:63,0
DA:64,0
DA:65,0
DA:66,0
DA:67,0
DA:68,0
DA:69,0
DA:71,0
DA:75,0
DA:76,0
DA:77,0
DA:78,0
DA:79,0
DA:80,0
DA:81,0
DA:82,0
DA:83,0
DA:84,0
DA:85,0
DA:86,0
DA:87,0
DA:88,0
DA:89,0
DA:90,0
DA:91,0
DA:92,0
DA:93,0
DA:94,0
DA:95,0
DA:96,0
DA:97,0
DA:98,0
DA:99,0
DA:100,0
DA:101,0
DA:104,0
DA:105,0
DA:106,0
DA:107,0
DA:108,0
DA:109,0
DA:110,0
DA:111,0
DA:112,0
DA:113,0
DA:114,0
DA:115,0
DA:116,0
DA:117,0
DA:118,0
DA:119,0
DA:120,0
DA:121,0
DA:122,0
DA:123,0
DA:126,0
DA:130,0
DA:131,0
DA:132,0
DA:133,0
DA:134,0
DA:135,0
DA:136,0
DA:137,0
DA:138,0
DA:139,0
DA:140,0
DA:141,0
DA:142,0
DA:143,0
DA:144,0
DA:145,0
DA:146,0
DA:147,0
DA:148,0
DA:149,0
DA:150,0
DA:151,0
DA:152,0
DA:153,0
DA:155,0
DA:156,0
DA:157,0
DA:158,0
DA:159,0
DA:160,0
DA:163,0
DA:164,0
DA:165,0
DA:166,0
DA:167,0
DA:168,0
DA:169,0
DA:170,0
DA:171,0
DA:172,0
DA:174,0
DA:175,0
DA:176,0
DA:177,0
DA:178,0
DA:179,0
DA:180,0
DA:186,0
DA:187,0
DA:188,0
DA:189,0
DA:190,0
DA:191,0
DA:192,0
DA:193,0
DA:194,0
DA:195,0
DA:196,0
DA:197,0
DA:198,0
DA:199,0
DA:200,0
DA:201,0
DA:202,0
DA:203,0
DA:204,0
DA:205,0
DA:206,0
DA:207,0
DA:208,0
DA:209,0
DA:210,0
DA:211,0
DA:214,0
DA:215,0
DA:216,0
DA:217,0
DA:218,0
DA:219,0
DA:220,0
DA:221,0
DA:222,0
DA:223,0
DA:224,0
DA:225,0
DA:226,0
DA:227,0
DA:228,0
DA:229,0
DA:230,0
DA:231,0
DA:232,0
DA:233,0
DA:234,0
DA:237,0
DA:238,0
DA:239,0
DA:240,0
DA:241,0
DA:242,0
DA:243,0
DA:244,0
DA:245,0
DA:246,0
DA:247,0
DA:248,0
DA:249,0
DA:250,0
DA:251,0
DA:252,0
DA:253,0
DA:254,0
DA:255,0
DA:256,0
DA:257,0
DA:258,0
DA:259,0
DA:260,0
DA:263,0
DA:264,0
DA:265,0
DA:266,0
DA:267,0
DA:268,0
DA:269,0
DA:270,0
DA:271,0
DA:272,0
DA:273,0
DA:274,0
DA:275,0
DA:278,0
DA:282,0
DA:283,0
DA:284,0
DA:285,0
DA:286,0
DA:287,0
DA:288,0
DA:289,0
DA:291,0
DA:292,0
DA:293,0
DA:294,0
DA:295,0
DA:296,0
DA:297,0
DA:299,0
DA:300,0
DA:301,0
DA:302,0
DA:303,0
DA:305,0
DA:309,0
DA:311,0
DA:312,0
DA:313,0
DA:314,0
DA:315,0
DA:316,0
DA:317,0
DA:318,0
DA:319,0
DA:320,0
DA:321,0
DA:322,0
DA:323,0
DA:324,0
DA:325,0
DA:327,0
DA:329,0
DA:330,0
DA:331,0
DA:332,0
DA:333,0
DA:334,0
DA:335,0
DA:336,0
DA:338,0
DA:339,0
DA:340,0
DA:341,0
DA:342,0
DA:343,0
DA:345,0
DA:346,0
DA:347,0
DA:348,0
DA:349,0
DA:350,0
DA:351,0
DA:352,0
DA:353,0
DA:354,0
DA:355,0
DA:356,0
DA:357,0
DA:358,0
DA:359,0
DA:360,0
DA:361,0
DA:362,0
DA:363,0
DA:364,0
DA:365,0
DA:366,0
DA:369,0
DA:370,0
DA:371,0
DA:372,0
DA:373,0
DA:374,0
DA:375,0
DA:376,0
DA:377,0
DA:379,0
DA:381,0
DA:382,0
DA:384,0
DA:386,0
DA:387,0
DA:388,0
DA:389,0
DA:390,0
DA:391,0
DA:392,0
DA:393,0
DA:394,0
DA:395,0
DA:396,0
DA:397,0
DA:398,0
DA:399,0
DA:400,0
DA:402,0
DA:404,0
DA:405,0
DA:406,0
DA:407,0
DA:408,0
DA:409,0
DA:410,0
DA:412,0
DA:413,0
DA:414,0
DA:415,0
DA:416,0
DA:417,0
DA:418,0
DA:419,0
DA:420,0
DA:421,0
DA:422,0
DA:425,0
DA:426,0
DA:427,0
DA:428,0
DA:429,0
DA:430,0
DA:434,0
DA:435,0
DA:436,0
DA:437,0
DA:438,0
DA:439,0
DA:440,0
DA:441,0
DA:442,0
DA:443,0
DA:444,0
DA:445,0
DA:446,0
DA:447,0
DA:448,0
DA:449,0
DA:450,0
DA:451,0
DA:452,0
DA:454,0
DA:455,0
DA:457,0
DA:458,0
DA:459,0
DA:460,0
DA:461,0
DA:462,0
DA:463,0
DA:464,0
DA:465,0
DA:466,0
DA:468,0
DA:469,0
DA:470,0
DA:471,0
DA:472,0
DA:473,0
DA:474,0
DA:475,0
DA:476,0
DA:477,0
DA:478,0
DA:479,0
DA:480,0
DA:481,0
DA:482,0
DA:483,0
DA:484,0
DA:485,0
DA:487,0
DA:488,0
DA:489,0
DA:490,0
DA:491,0
DA:492,0
DA:493,0
DA:494,0
DA:496,0
DA:498,0
DA:499,0
DA:501,0
DA:503,0
DA:504,0
DA:505,0
DA:506,0
DA:507,0
DA:508,0
DA:509,0
DA:510,0
DA:511,0
DA:513,0
DA:516,0
DA:517,0
DA:518,0
DA:519,0
DA:520,0
DA:521,0
DA:522,0
DA:523,0
DA:524,0
DA:525,0
DA:526,0
DA:528,0
DA:529,0
DA:530,0
DA:531,0
DA:532,0
DA:533,0
DA:535,0
DA:538,0
DA:539,0
DA:540,0
DA:541,0
DA:542,0
DA:543,0
DA:544,0
DA:545,0
DA:546,0
DA:547,0
DA:548,0
DA:549,0
DA:552,0
DA:554,0
DA:555,0
DA:556,0
DA:557,0
DA:558,0
DA:559,0
DA:560,0
DA:561,0
DA:562,0
DA:563,0
DA:564,0
DA:565,0
DA:568,0
DA:570,0
DA:571,0
DA:572,0
DA:573,0
DA:574,0
DA:576,0
BRF:0
BRH:0
LF:524
LH:0
end_of_record
SF:/Users/canggih/Documents/Kedata/cleanstorage/dev-cleaner/src/app/tabs/settings_tab.rs
FN:40,_RNCNvMNtNtNtCshVE6m5yoyjE_8devsweep3app4tabs12settings_tabNtNtB8_5state8DevSweep19render_settings_tab0Ba_
FN:44,_RNCNvMNtNtNtCshVE6m5yoyjE_8devsweep3app4tabs12settings_tabNtNtB8_5state8DevSweep19render_settings_tabs0_0Ba_
FN:109,_RNCNvMNtNtNtCshVE6m5yoyjE_8devsweep3app4tabs12settings_tabNtNtB8_5state8DevSweep19render_settings_tabs1_0Ba_
FN:41,_RNCNvMNtNtNtCshVE6m5yoyjE_8devsweep3app4tabs12settings_tabNtNtB8_5state8DevSweep19render_settings_tabs_0Ba_
FN:150,_RNvMNtNtNtCshVE6m5yoyjE_8devsweep3app4tabs12settings_tabNtNtB6_5state8DevSweep18render_ttl_setting
FN:6,_RNvMNtNtNtCshVE6m5yoyjE_8devsweep3app4tabs12settings_tabNtNtB6_5state8DevSweep19render_settings_tab
FN:40,_RNCNvMNtNtNtCs3mbXwXxPNJN_8devsweep3app4tabs12settings_tabNtNtB8_5state8DevSweep19render_settings_tab0Ba_
FN:44,_RNCNvMNtNtNtCs3mbXwXxPNJN_8devsweep3app4tabs12settings_tabNtNtB8_5state8DevSweep19render_settings_tabs0_0Ba_
FN:109,_RNCNvMNtNtNtCs3mbXwXxPNJN_8devsweep3app4tabs12settings_tabNtNtB8_5state8DevSweep19render_settings_tabs1_0Ba_
FN:41,_RNCNvMNtNtNtCs3mbXwXxPNJN_8devsweep3app4tabs12settings_tabNtNtB8_5state8DevSweep19render_settings_tabs_0Ba_
FN:150,_RNvMNtNtNtCs3mbXwXxPNJN_8devsweep3app4tabs12settings_tabNtNtB6_5state8DevSweep18render_ttl_setting
FN:6,_RNvMNtNtNtCs3mbXwXxPNJN_8devsweep3app4tabs12settings_tabNtNtB6_5state8DevSweep19render_settings_tab
FNDA:0,_RNCNvMNtNtNtCshVE6m5yoyjE_8devsweep3app4tabs12settings_tabNtNtB8_5state8DevSweep19render_settings_tab0Ba_
FNDA:0,_RNCNvMNtNtNtCshVE6m5yoyjE_8devsweep3app4tabs12settings_tabNtNtB8_5state8DevSweep19render_settings_tabs0_0Ba_
FNDA:0,_RNCNvMNtNtNtCshVE6m5yoyjE_8devsweep3app4tabs12settings_tabNtNtB8_5state8DevSweep19render_settings_tabs1_0Ba_
FNDA:0,_RNCNvMNtNtNtCshVE6m5yoyjE_8devsweep3app4tabs12settings_tabNtNtB8_5state8DevSweep19render_settings_tabs_0Ba_
FNDA:0,_RNvMNtNtNtCshVE6m5yoyjE_8devsweep3app4tabs12settings_tabNtNtB6_5state8DevSweep18render_ttl_setting
FNDA:0,_RNvMNtNtNtCshVE6m5yoyjE_8devsweep3app4tabs12settings_tabNtNtB6_5state8DevSweep19render_settings_tab
FNDA:0,_RNCNvMNtNtNtCs3mbXwXxPNJN_8devsweep3app4tabs12settings_tabNtNtB8_5state8DevSweep19render_settings_tab0Ba_
FNDA:0,_RNCNvMNtNtNtCs3mbXwXxPNJN_8devsweep3app4tabs12settings_tabNtNtB8_5state8DevSweep19render_settings_tabs0_0Ba_
FNDA:0,_RNCNvMNtNtNtCs3mbXwXxPNJN_8devsweep3app4tabs12settings_tabNtNtB8_5state8DevSweep19render_settings_tabs1_0Ba_
FNDA:0,_RNCNvMNtNtNtCs3mbXwXxPNJN_8devsweep3app4tabs12settings_tabNtNtB8_5state8DevSweep19render_settings_tabs_0Ba_
FNDA:0,_RNvMNtNtNtCs3mbXwXxPNJN_8devsweep3app4tabs12settings_tabNtNtB6_5state8DevSweep18render_ttl_setting
FNDA:0,_RNvMNtNtNtCs3mbXwXxPNJN_8devsweep3app4tabs12settings_tabNtNtB6_5state8DevSweep19render_settings_tab
FNF:6
FNH:0
DA:6,0
DA:7,0
DA:9,0
DA:10,0
DA:11,0
DA:12,0
DA:13,0
DA:14,0
DA:16,0
DA:17,0
DA:18,0
DA:19,0
DA:20,0
DA:21,0
DA:22,0
DA:23,0
DA:24,0
DA:25,0
DA:26,0
DA:27,0
DA:28,0
DA:29,0
DA:30,0
DA:32,0
DA:33,0
DA:34,0
DA:35,0
DA:36,0
DA:37,0
DA:38,0
DA:39,0
DA:40,0
DA:41,0
DA:42,0
DA:43,0
DA:44,0
DA:45,0
DA:46,0
DA:47,0
DA:48,0
DA:49,0
DA:50,0
DA:51,0
DA:52,0
DA:57,0
[...]
FN:158,_RNvMs_NtNtCshVE6m5yoyjE_8devsweep2ui5themeNtB4_5Theme5mauve
FN:151,_RNvMs_NtNtCshVE6m5yoyjE_8devsweep2ui5themeNtB4_5Theme5peach
FN:44,_RNvMs_NtNtCshVE6m5yoyjE_8devsweep2ui5themeNtB4_5Theme6mantle
FN:214,_RNvMs_NtNtCshVE6m5yoyjE_8devsweep2ui5themeNtB4_5Theme6maroon
FN:144,_RNvMs_NtNtCshVE6m5yoyjE_8devsweep2ui5themeNtB4_5Theme6yellow
FN:222,_RNvMs_NtNtCshVE6m5yoyjE_8devsweep2ui5themeNtB4_5Theme7success
FN:226,_RNvMs_NtNtCshVE6m5yoyjE_8devsweep2ui5themeNtB4_5Theme7warning
FN:200,_RNvMs_NtNtCshVE6m5yoyjE_8devsweep2ui5themeNtB4_5Theme8flamingo
FN:172,_RNvMs_NtNtCshVE6m5yoyjE_8devsweep2ui5themeNtB4_5Theme8lavender
FN:101,_RNvMs_NtNtCshVE6m5yoyjE_8devsweep2ui5themeNtB4_5Theme8overlay0
FN:108,_RNvMs_NtNtCshVE6m5yoyjE_8devsweep2ui5themeNtB4_5Theme8overlay1
FN:115,_RNvMs_NtNtCshVE6m5yoyjE_8devsweep2ui5themeNtB4_5Theme8overlay2
FN:186,_RNvMs_NtNtCshVE6m5yoyjE_8devsweep2ui5themeNtB4_5Theme8sapphire
FN:87,_RNvMs_NtNtCshVE6m5yoyjE_8devsweep2ui5themeNtB4_5Theme8subtext0
FN:94,_RNvMs_NtNtCshVE6m5yoyjE_8devsweep2ui5themeNtB4_5Theme8subtext1
FN:58,_RNvMs_NtNtCshVE6m5yoyjE_8devsweep2ui5themeNtB4_5Theme8surface0
FN:65,_RNvMs_NtNtCshVE6m5yoyjE_8devsweep2ui5themeNtB4_5Theme8surface1
FN:72,_RNvMs_NtNtCshVE6m5yoyjE_8devsweep2ui5themeNtB4_5Theme8surface2
FN:250,_RNvMs_NtNtCshVE6m5yoyjE_8devsweep2ui5themeNtB4_5Theme9blue_tint
FN:272,_RNvMs_NtNtCshVE6m5yoyjE_8devsweep2ui5themeNtB4_5Theme9red_hover
FN:207,_RNvMs_NtNtCshVE6m5yoyjE_8devsweep2ui5themeNtB4_5Theme9rosewater
FN:13,_RNvMNtNtCs3mbXwXxPNJN_8devsweep2ui5themeNtB2_9ThemeMode6toggle
FN:20,_RNvMNtNtCs3mbXwXxPNJN_8devsweep2ui5themeNtB2_9ThemeMode7is_dark
FN:24,_RNvMNtNtCs3mbXwXxPNJN_8devsweep2ui5themeNtB2_9ThemeMode9icon_path
FN:265,_RNvMs_NtNtCs3mbXwXxPNJN_8devsweep2ui5themeNtB4_5Theme10blue_hover
FN:294,_RNvMs_NtNtCs3mbXwXxPNJN_8devsweep2ui5themeNtB4_5Theme10red_active
FN:287,_RNvMs_NtNtCs3mbXwXxPNJN_8devsweep2ui5themeNtB4_5Theme11blue_active
FN:257,_RNvMs_NtNtCs3mbXwXxPNJN_8devsweep2ui5themeNtB4_5Theme11blue_border
FN:239,_RNvMs_NtNtCs3mbXwXxPNJN_8devsweep2ui5themeNtB4_5Theme11transparent
FN:243,_RNvMs_NtNtCs3mbXwXxPNJN_8devsweep2ui5themeNtB4_5Theme13border_subtle
FN:279,_RNvMs_NtNtCs3mbXwXxPNJN_8devsweep2ui5themeNtB4_5Theme14sapphire_hover
FN:301,_RNvMs_NtNtCs3mbXwXxPNJN_8devsweep2ui5themeNtB4_5Theme15sapphire_active
FN:137,_RNvMs_NtNtCs3mbXwXxPNJN_8devsweep2ui5themeNtB4_5Theme3red
FN:179,_RNvMs_NtNtCs3mbXwXxPNJN_8devsweep2ui5themeNtB4_5Theme3sky
FN:37,_RNvMs_NtNtCs3mbXwXxPNJN_8devsweep2ui5themeNtB4_5Theme4base
FN:123,_RNvMs_NtNtCs3mbXwXxPNJN_8devsweep2ui5themeNtB4_5Theme4blue
FN:234,_RNvMs_NtNtCs3mbXwXxPNJN_8devsweep2ui5themeNtB4_5Theme4info
FN:193,_RNvMs_NtNtCs3mbXwXxPNJN_8devsweep2ui5themeNtB4_5Theme4pink
FN:165,_RNvMs_NtNtCs3mbXwXxPNJN_8devsweep2ui5themeNtB4_5Theme4teal
FN:80,_RNvMs_NtNtCs3mbXwXxPNJN_8devsweep2ui5themeNtB4_5Theme4text
FN:51,_RNvMs_NtNtCs3mbXwXxPNJN_8devsweep2ui5themeNtB4_5Theme5crust
FN:230,_RNvMs_NtNtCs3mbXwXxPNJN_8devsweep2ui5themeNtB4_5Theme5error
FN:130,_RNvMs_NtNtCs3mbXwXxPNJN_8devsweep2ui5themeNtB4_5Theme5green
FN:158,_RNvMs_NtNtCs3mbXwXxPNJN_8devsweep2ui5themeNtB4_5Theme5mauve
FN:151,_RNvMs_NtNtCs3mbXwXxPNJN_8devsweep2ui5themeNtB4_5Theme5peach
FN:44,_RNvMs_NtNtCs3mbXwXxPNJN_8devsweep2ui5themeNtB4_5Theme6mantle
FN:214,_RNvMs_NtNtCs3mbXwXxPNJN_8devsweep2ui5themeNtB4_5Theme6maroon
FN:144,_RNvMs_NtNtCs3mbXwXxPNJN_8devsweep2ui5themeNtB4_5Theme6yellow
FN:222,_RNvMs_NtNtCs3mbXwXxPNJN_8devsweep2ui5themeNtB4_5Theme7success
FN:226,_RNvMs_NtNtCs3mbXwXxPNJN_8devsweep2ui5themeNtB4_5Theme7warning
FN:200,_RNvMs_NtNtCs3mbXwXxPNJN_8devsweep2ui5themeNtB4_5Theme8flamingo
FN:172,_RNvMs_NtNtCs3mbXwXxPNJN_8devsweep2ui5themeNtB4_5Theme8lavender
FN:101,_RNvMs_NtNtCs3mbXwXxPNJN_8devsweep2ui5themeNtB4_5Theme8overlay0
FN:108,_RNvMs_NtNtCs3mbXwXxPNJN_8devsweep2ui5themeNtB4_5Theme8overlay1
FN:115,_RNvMs_NtNtCs3mbXwXxPNJN_8devsweep2ui5themeNtB4_5Theme8overlay2
FN:186,_RNvMs_NtNtCs3mbXwXxPNJN_8devsweep2ui5themeNtB4_5Theme8sapphire
FN:87,_RNvMs_NtNtCs3mbXwXxPNJN_8devsweep2ui5themeNtB4_5Theme8subtext0
FN:94,_RNvMs_NtNtCs3mbXwXxPNJN_8devsweep2ui5themeNtB4_5Theme8subtext1
FN:58,_RNvMs_NtNtCs3mbXwXxPNJN_8devsweep2ui5themeNtB4_5Theme8surface0
FN:65,_RNvMs_NtNtCs3mbXwXxPNJN_8devsweep2ui5themeNtB4_5Theme8surface1
FN:72,_RNvMs_NtNtCs3mbXwXxPNJN_8devsweep2ui5themeNtB4_5Theme8surface2
FN:250,_RNvMs_NtNtCs3mbXwXxPNJN_8devsweep2ui5themeNtB4_5Theme9blue_tint
FN:272,_RNvMs_NtNtCs3mbXwXxPNJN_8devsweep2ui5themeNtB4_5Theme9red_hover
FN:207,_RNvMs_NtNtCs3mbXwXxPNJN_8devsweep2ui5themeNtB4_5Theme9rosewater
FNDA:0,_RNvMNtNtCshVE6m5yoyjE_8devsweep2ui5themeNtB2_9ThemeMode6toggle
FNDA:0,_RNvMNtNtCshVE6m5yoyjE_8devsweep2ui5themeNtB2_9ThemeMode7is_dark
FNDA:0,_RNvMNtNtCshVE6m5yoyjE_8devsweep2ui5themeNtB2_9ThemeMode9icon_path
FNDA:0,_RNvMs_NtNtCshVE6m5yoyjE_8devsweep2ui5themeNtB4_5Theme10blue_hover
FNDA:0,_RNvMs_NtNtCshVE6m5yoyjE_8devsweep2ui5themeNtB4_5Theme10red_active
FNDA:0,_RNvMs_NtNtCshVE6m5yoyjE_8devsweep2ui5themeNtB4_5Theme11blue_active
FNDA:0,_RNvMs_NtNtCshVE6m5yoyjE_8devsweep2ui5themeNtB4_5Theme11blue_border
FNDA:0,_RNvMs_NtNtCshVE6m5yoyjE_8devsweep2ui5themeNtB4_5Theme11transparent
FNDA:0,_RNvMs_NtNtCshVE6m5yoyjE_8devsweep2ui5themeNtB4_5Theme13border_subtle
FNDA:0,_RNvMs_NtNtCshVE6m5yoyjE_8devsweep2ui5themeNtB4_5Theme14sapphire_hover
FNDA:0,_RNvMs_NtNtCshVE6m5yoyjE_8devsweep2ui5themeNtB4_5Theme15sapphire_active
FNDA:0,_RNvMs_NtNtCshVE6m5yoyjE_8devsweep2ui5themeNtB4_5Theme3red
FNDA:0,_RNvMs_NtNtCshVE6m5yoyjE_8devsweep2ui5themeNtB4_5Theme3sky
FNDA:0,_RNvMs_NtNtCshVE6m5yoyjE_8devsweep2ui5themeNtB4_5Theme4base
FNDA:0,_RNvMs_NtNtCshVE6m5yoyjE_8devsweep2ui5themeNtB4_5Theme4blue
FNDA:0,_RNvMs_NtNtCshVE6m5yoyjE_8devsweep2ui5themeNtB4_5Theme4info
FNDA:0,_RNvMs_NtNtCshVE6m5yoyjE_8devsweep2ui5themeNtB4_5Theme4pink
FNDA:0,_RNvMs_NtNtCshVE6m5yoyjE_8devsweep2ui5themeNtB4_5Theme4teal
FNDA:0,_RNvMs_NtNtCshVE6m5yoyjE_8devsweep2ui5themeNtB4_5Theme4text
FNDA:0,_RNvMs_NtNtCshVE6m5yoyjE_8devsweep2ui5themeNtB4_5Theme5crust
FNDA:0,_RNvMs_NtNtCshVE6m5yoyjE_8devsweep2ui5themeNtB4_5Theme5error
FNDA:0,_RNvMs_NtNtCshVE6m5yoyjE_8devsweep2ui5themeNtB4_5Theme5green
FNDA:0,_RNvMs_NtNtCshVE6m5yoyjE_8devsweep2ui5themeNtB4_5Theme5mauve
FNDA:0,_RNvMs_NtNtCshVE6m5yoyjE_8devsweep2ui5themeNtB4_5Theme5peach
FNDA:0,_RNvMs_NtNtCshVE6m5yoyjE_8devsweep2ui5themeNtB4_5Theme6mantle
FNDA:0,_RNvMs_NtNtCshVE6m5yoyjE_8devsweep2ui5themeNtB4_5Theme6maroon
FNDA:0,_RNvMs_NtNtCshVE6m5yoyjE_8devsweep2ui5themeNtB4_5Theme6yellow
FNDA:0,_RNvMs_NtNtCshVE6m5yoyjE_8devsweep2ui5themeNtB4_5Theme7success
FNDA:0,_RNvMs_NtNtCshVE6m5yoyjE_8devsweep2ui5themeNtB4_5Theme7warning
FNDA:0,_RNvMs_NtNtCshVE6m5yoyjE_8devsweep2ui5themeNtB4_5Theme8flamingo
FNDA:0,_RNvMs_NtNtCshVE6m5yoyjE_8devsweep2ui5themeNtB4_5Theme8lavender
FNDA:0,_RNvMs_NtNtCshVE6m5yoyjE_8devsweep2ui5themeNtB4_5Theme8overlay0
FNDA:0,_RNvMs_NtNtCshVE6m5yoyjE_8devsweep2ui5themeNtB4_5Theme8overlay1
FNDA:0,_RNvMs_NtNtCshVE6m5yoyjE_8devsweep2ui5themeNtB4_5Theme8overlay2
FNDA:0,_RNvMs_NtNtCshVE6m5yoyjE_8devsweep2ui5themeNtB4_5Theme8sapphire
FNDA:0,_RNvMs_NtNtCshVE6m5yoyjE_8devsweep2ui5themeNtB4_5Theme8subtext0
FNDA:0,_RNvMs_NtNtCshVE6m5yoyjE_8devsweep2ui5themeNtB4_5Theme8subtext1
FNDA:0,_RNvMs_NtNtCshVE6m5yoyjE_8devsweep2ui5themeNtB4_5Theme8surface0
FNDA:0,_RNvMs_NtNtCshVE6m5yoyjE_8devsweep2ui5themeNtB4_5Theme8surface1
FNDA:0,_RNvMs_NtNtCshVE6m5yoyjE_8devsweep2ui5themeNtB4_5Theme8surface2
FNDA:0,_RNvMs_NtNtCshVE6m5yoyjE_8devsweep2ui5themeNtB4_5Theme9blue_tint
FNDA:0,_RNvMs_NtNtCshVE6m5yoyjE_8devsweep2ui5themeNtB4_5Theme9red_hover
FNDA:0,_RNvMs_NtNtCshVE6m5yoyjE_8devsweep2ui5themeNtB4_5Theme9rosewater
FNDA:0,_RNvMNtNtCs3mbXwXxPNJN_8devsweep2ui5themeNtB2_9ThemeMode6toggle
FNDA:0,_RNvMNtNtCs3mbXwXxPNJN_8devsweep2ui5themeNtB2_9ThemeMode7is_dark
FNDA:0,_RNvMNtNtCs3mbXwXxPNJN_8devsweep2ui5themeNtB2_9ThemeMode9icon_path
FNDA:0,_RNvMs_NtNtCs3mbXwXxPNJN_8devsweep2ui5themeNtB4_5Theme10blue_hover
FNDA:0,_RNvMs_NtNtCs3mbXwXxPNJN_8devsweep2ui5themeNtB4_5Theme10red_active
FNDA:0,_RNvMs_NtNtCs3mbXwXxPNJN_8devsweep2ui5themeNtB4_5Theme11blue_active
FNDA:0,_RNvMs_NtNtCs3mbXwXxPNJN_8devsweep2ui5themeNtB4_5Theme11blue_border
FNDA:0,_RNvMs_NtNtCs3mbXwXxPNJN_8devsweep2ui5themeNtB4_5Theme11transparent
FNDA:0,_RNvMs_NtNtCs3mbXwXxPNJN_8devsweep2ui5themeNtB4_5Theme13border_subtle
FNDA:0,_RNvMs_NtNtCs3mbXwXxPNJN_8devsweep2ui5themeNtB4_5Theme14sapphire_hover
FNDA:0,_RNvMs_NtNtCs3mbXwXxPNJN_8devsweep2ui5themeNtB4_5Theme15sapphire_active
FNDA:0,_RNvMs_NtNtCs3mbXwXxPNJN_8devsweep2ui5themeNtB4_5Theme3red
FNDA:0,_RNvMs_NtNtCs3mbXwXxPNJN_8devsweep2ui5themeNtB4_5Theme3sky
FNDA:0,_RNvMs_NtNtCs3mbXwXxPNJN_8devsweep2ui5themeNtB4_5Theme4base
FNDA:0,_RNvMs_NtNtCs3mbXwXxPNJN_8devsweep2ui5themeNtB4_5Theme4blue
FNDA:0,_RNvMs_NtNtCs3mbXwXxPNJN_8devsweep2ui5themeNtB4_5Theme4info
FNDA:0,_RNvMs_NtNtCs3mbXwXxPNJN_8devsweep2ui5themeNtB4_5Theme4pink
FNDA:0,_RNvMs_NtNtCs3mbXwXxPNJN_8devsweep2ui5themeNtB4_5Theme4teal
FNDA:0,_RNvMs_NtNtCs3mbXwXxPNJN_8devsweep2ui5themeNtB4_5Theme4text
FNDA:0,_RNvMs_NtNtCs3mbXwXxPNJN_8devsweep2ui5themeNtB4_5Theme5crust
FNDA:0,_RNvMs_NtNtCs3mbXwXxPNJN_8devsweep2ui5themeNtB4_5Theme5error
FNDA:0,_RNvMs_NtNtCs3mbXwXxPNJN_8devsweep2ui5themeNtB4_5Theme5green
FNDA:0,_RNvMs_NtNtCs3mbXwXxPNJN_8devsweep2ui5themeNtB4_5Theme5mauve
FNDA:0,_RNvMs_NtNtCs3mbXwXxPNJN_8devsweep2ui5themeNtB4_5Theme5peach
FNDA:0,_RNvMs_NtNtCs3mbXwXxPNJN_8devsweep2ui5themeNtB4_5Theme6mantle
FNDA:0,_RNvMs_NtNtCs3mbXwXxPNJN_8devsweep2ui5themeNtB4_5Theme6maroon
FNDA:0,_RNvMs_NtNtCs3mbXwXxPNJN_8devsweep2ui5themeNtB4_5Theme6yellow
FNDA:0,_RNvMs_NtNtCs3mbXwXxPNJN_8devsweep2ui5themeNtB4_5Theme7success
FNDA:0,_RNvMs_NtNtCs3mbXwXxPNJN_8devsweep2ui5themeNtB4_5Theme7warning
FNDA:0,_RNvMs_NtNtCs3mbXwXxPNJN_8devsweep2ui5themeNtB4_5Theme8flamingo
FNDA:0,_RNvMs_NtNtCs3mbXwXxPNJN_8devsweep2ui5themeNtB4_5Theme8lavender
FNDA:0,_RNvMs_NtNtCs3mbXwXxPNJN_8devsweep2ui5themeNtB4_5Theme8overlay0
FNDA:0,_RNvMs_NtNtCs3mbXwXxPNJN_8devsweep2ui5themeNtB4_5Theme8overlay1
FNDA:0,_RNvMs_NtNtCs3mbXwXxPNJN_8devsweep2ui5themeNtB4_5Theme8overlay2
FNDA:0,_RNvMs_NtNtCs3mbXwXxPNJN_8devsweep2ui5themeNtB4_5Theme8sapphire
FNDA:0,_RNvMs_NtNtCs3mbXwXxPNJN_8devsweep2ui5themeNtB4_5Theme8subtext0
FNDA:0,_RNvMs_NtNtCs3mbXwXxPNJN_8devsweep2ui5themeNtB4_5Theme8subtext1
FNDA:0,_RNvMs_NtNtCs3mbXwXxPNJN_8devsweep2ui5themeNtB4_5Theme8surface0
FNDA:0,_RNvMs_NtNtCs3mbXwXxPNJN_8devsweep2ui5themeNtB4_5Theme8surface1
FNDA:0,_RNvMs_NtNtCs3mbXwXxPNJN_8devsweep2ui5themeNtB4_5Theme8surface2
FNDA:0,_RNvMs_NtNtCs3mbXwXxPNJN_8devsweep2ui5themeNtB4_5Theme9blue_tint
FNDA:0,_RNvMs_NtNtCs3mbXwXxPNJN_8devsweep2ui5themeNtB4_5Theme9red_hover
FNDA:0,_RNvMs_NtNtCs3mbXwXxPNJN_8devsweep2ui5themeNtB4_5Theme9rosewater
FNF:43
FNH:0
DA:13,0
DA:14,0
DA:15,0
DA:16,0
DA:18,0
DA:20,0
DA:21,0
DA:22,0
DA:24,0
DA:25,0
DA:26,0
DA:27,0
DA:29,0
DA:37,0
DA:38,0
DA:39,0
DA:40,0
DA:42,0
DA:44,0
DA:45,0
DA:46,0
DA:47,0
DA:49,0
DA:51,0
DA:52,0
DA:53,0
DA:54,0
DA:56,0
DA:58,0
DA:59,0
DA:60,0
DA:61,0
DA:63,0
DA:65,0
DA:66,0
DA:67,0
DA:68,0
DA:70,0
DA:72,0
DA:73,0
DA:74,0
DA:75,0
DA:77,0
DA:80,0
DA:81,0
DA:82,0
DA:83,0
DA:85,0
DA:87,0
DA:88,0
DA:89,0
DA:90,0
DA:92,0
DA:94,0
DA:95,0
DA:96,0
DA:97,0
DA:99,0
DA:101,0
DA:102,0
DA:103,0
DA:104,0
DA:106,0
DA:108,0
DA:109,0
DA:110,0
DA:111,0
DA:113,0
DA:115,0
DA:116,0
DA:117,0
DA:118,0
DA:120,0
DA:123,0
DA:124,0
DA:125,0
DA:126,0
DA:128,0
DA:130,0
DA:131,0
DA:132,0
DA:133,0
DA:135,0
DA:137,0
DA:138,0
DA:139,0
DA:140,0
DA:142,0
DA:144,0
DA:145,0
DA:146,0
DA:147,0
DA:149,0
DA:151,0
DA:152,0
DA:153,0
DA:154,0
DA:156,0
DA:158,0
DA:159,0
DA:160,0
DA:161,0
DA:163,0
DA:165,0
DA:166,0
DA:167,0
DA:168,0
DA:170,0
DA:172,0
DA:173,0
DA:174,0
DA:175,0
DA:177,0
DA:179,0
DA:180,0
DA:181,0
DA:182,0
DA:184,0
DA:186,0
DA:187,0
DA:188,0
DA:189,0
DA:191,0
DA:193,0
DA:194,0
DA:195,0
DA:196,0
DA:198,0
DA:200,0
DA:201,0
DA:202,0
DA:203,0
DA:205,0
DA:207,0
DA:208,0
DA:209,0
DA:210,0
DA:212,0
DA:214,0
DA:215,0
DA:216,0
DA:217,0
DA:219,0
DA:222,0
DA:223,0
DA:224,0
DA:226,0
DA:227,0
DA:228,0
DA:230,0
DA:231,0
DA:232,0
DA:234,0
DA:235,0
DA:236,0
DA:239,0
DA:240,0
DA:241,0
DA:243,0
DA:244,0
DA:245,0
DA:246,0
DA:248,0
DA:250,0
DA:251,0
DA:252,0
DA:253,0
DA:255,0
DA:257,0
DA:258,0
DA:259,0
DA:260,0
DA:262,0
DA:265,0
DA:266,0
DA:267,0
DA:268,0
DA:270,0
DA:272,0
DA:273,0
DA:274,0
DA:275,0
DA:277,0
DA:279,0
DA:280,0
DA:281,0
DA:282,0
DA:284,0
DA:287,0
DA:288,0
DA:289,0
DA:290,0
DA:292,0
DA:294,0
DA:295,0
DA:296,0
DA:297,0
DA:299,0
DA:301,0
DA:302,0
DA:303,0
DA:304,0
DA:306,0
BRF:0
BRH:0
LF:203
LH:0
end_of_record
SF:/Users/canggih/Documents/Kedata/cleanstorage/dev-cleaner/src/utils.rs
FN:13,_RINvNtCshVE6m5yoyjE_8devsweep5utils12get_dir_sizeNtNtCsiThrkg7suPy_3std4path7PathBufEB4_
FN:13,_RINvNtCshVE6m5yoyjE_8devsweep5utils12get_dir_sizeRNtNtCsiThrkg7suPy_3std4path4PathEB4_
FN:13,_RINvNtCshVE6m5yoyjE_8devsweep5utils12get_dir_sizeRNtNtCsiThrkg7suPy_3std4path7PathBufEB4_
FN:22,_RNCINvNtCshVE6m5yoyjE_8devsweep5utils12get_dir_sizeNtNtCsiThrkg7suPy_3std4path7PathBufE0B6_
FN:24,_RNCINvNtCshVE6m5yoyjE_8devsweep5utils12get_dir_sizeNtNtCsiThrkg7suPy_3std4path7PathBufEs0_0B6_
FN:25,_RNCINvNtCshVE6m5yoyjE_8devsweep5utils12get_dir_sizeNtNtCsiThrkg7suPy_3std4path7PathBufEs1_0B6_
FN:23,_RNCINvNtCshVE6m5yoyjE_8devsweep5utils12get_dir_sizeNtNtCsiThrkg7suPy_3std4path7PathBufEs_0B6_
FN:22,_RNCINvNtCshVE6m5yoyjE_8devsweep5utils12get_dir_sizeRNtNtCsiThrkg7suPy_3std4path4PathE0B6_
FN:24,_RNCINvNtCshVE6m5yoyjE_8devsweep5utils12get_dir_sizeRNtNtCsiThrkg7suPy_3std4path4PathEs0_0B6_
FN:25,_RNCINvNtCshVE6m5yoyjE_8devsweep5utils12get_dir_sizeRNtNtCsiThrkg7suPy_3std4path4PathEs1_0B6_
FN:23,_RNCINvNtCshVE6m5yoyjE_8devsweep5utils12get_dir_sizeRNtNtCsiThrkg7suPy_3std4path4PathEs_0B6_
FN:22,_RNCINvNtCshVE6m5yoyjE_8devsweep5utils12get_dir_sizeRNtNtCsiThrkg7suPy_3std4path7PathBufE0B6_
FN:24,_RNCINvNtCshVE6m5yoyjE_8devsweep5utils12get_dir_sizeRNtNtCsiThrkg7suPy_3std4path7PathBufEs0_0B6_
FN:25,_RNCINvNtCshVE6m5yoyjE_8devsweep5utils12get_dir_sizeRNtNtCsiThrkg7suPy_3std4path7PathBufEs1_0B6_
FN:23,_RNCINvNtCshVE6m5yoyjE_8devsweep5utils12get_dir_sizeRNtNtCsiThrkg7suPy_3std4path7PathBufEs_0B6_
FN:48,_RNCNCNCNvNtCshVE6m5yoyjE_8devsweep5utils13sort_versions000B9_
FN:49,_RNCNCNCNvNtCshVE6m5yoyjE_8devsweep5utils13sort_versions00s_0B9_
FN:47,_RNCNCNvNtCshVE6m5yoyjE_8devsweep5utils13sort_versions00B7_
FN:35,_RNCNvNtCshVE6m5yoyjE_8devsweep5utils11run_command0B5_
FN:36,_RNCNvNtCshVE6m5yoyjE_8devsweep5utils11run_commands_0B5_
FN:46,_RNCNvNtCshVE6m5yoyjE_8devsweep5utils13sort_versions0B5_
FN:8,_RNvNtCshVE6m5yoyjE_8devsweep5utils11format_size
FN:30,_RNvNtCshVE6m5yoyjE_8devsweep5utils11run_command
FN:45,_RNvNtCshVE6m5yoyjE_8devsweep5utils13sort_versions
FN:40,_RNvNtCshVE6m5yoyjE_8devsweep5utils8home_dir
FN:63,_RNvNtNtCs3mbXwXxPNJN_8devsweep5utils5testss_16test_format_size
FN:75,_RNvNtNtCs3mbXwXxPNJN_8devsweep5utils5testss_18test_sort_versions
FN:8,_RNvNtCs3mbXwXxPNJN_8devsweep5utils11format_size
FN:30,_RNvNtCs3mbXwXxPNJN_8devsweep5utils11run_command
FN:45,_RNvNtCs3mbXwXxPNJN_8devsweep5utils13sort_versions
FN:40,_RNvNtCs3mbXwXxPNJN_8devsweep5utils8home_dir
FN:13,_RINvNtCs3mbXwXxPNJN_8devsweep5utils12get_dir_sizeRNtNtCsiThrkg7suPy_3std4path7PathBufEB4_
FN:22,_RNCINvNtCs3mbXwXxPNJN_8devsweep5utils12get_dir_sizeRNtNtCsiThrkg7suPy_3std4path7PathBufE0B6_
FN:24,_RNCINvNtCs3mbXwXxPNJN_8devsweep5utils12get_dir_sizeRNtNtCsiThrkg7suPy_3std4path7PathBufEs0_0B6_
FN:25,_RNCINvNtCs3mbXwXxPNJN_8devsweep5utils12get_dir_sizeRNtNtCsiThrkg7suPy_3std4path7PathBufEs1_0B6_
FN:23,_RNCINvNtCs3mbXwXxPNJN_8devsweep5utils12get_dir_sizeRNtNtCsiThrkg7suPy_3std4path7PathBufEs_0B6_
FN:48,_RNCNCNCNvNtCs3mbXwXxPNJN_8devsweep5utils13sort_versions000B9_
FN:49,_RNCNCNCNvNtCs3mbXwXxPNJN_8devsweep5utils13sort_versions00s_0B9_
FN:47,_RNCNCNvNtCs3mbXwXxPNJN_8devsweep5utils13sort_versions00B7_
FN:35,_RNCNvNtCs3mbXwXxPNJN_8devsweep5utils11run_command0B5_
FN:36,_RNCNvNtCs3mbXwXxPNJN_8devsweep5utils11run_commands_0B5_
FN:46,_RNCNvNtCs3mbXwXxPNJN_8devsweep5utils13sort_versions0B5_
FNDA:1210,_RINvNtCshVE6m5yoyjE_8devsweep5utils12get_dir_sizeNtNtCsiThrkg7suPy_3std4path7PathBufEB4_
FNDA:70,_RINvNtCshVE6m5yoyjE_8devsweep5utils12get_dir_sizeRNtNtCsiThrkg7suPy_3std4path4PathEB4_
FNDA:3213,_RINvNtCshVE6m5yoyjE_8devsweep5utils12get_dir_sizeRNtNtCsiThrkg7suPy_3std4path7PathBufEB4_
FNDA:263980,_RNCINvNtCshVE6m5yoyjE_8devsweep5utils12get_dir_sizeNtNtCsiThrkg7suPy_3std4path7PathBufE0B6_
FNDA:219910,_RNCINvNtCshVE6m5yoyjE_8devsweep5utils12get_dir_sizeNtNtCsiThrkg7suPy_3std4path7PathBufEs0_0B6_
FNDA:219910,_RNCINvNtCshVE6m5yoyjE_8devsweep5utils12get_dir_sizeNtNtCsiThrkg7suPy_3std4path7PathBufEs1_0B6_
FNDA:263980,_RNCINvNtCshVE6m5yoyjE_8devsweep5utils12get_dir_sizeNtNtCsiThrkg7suPy_3std4path7PathBufEs_0B6_
FNDA:34020,_RNCINvNtCshVE6m5yoyjE_8devsweep5utils12get_dir_sizeRNtNtCsiThrkg7suPy_3std4path4PathE0B6_
FNDA:30620,_RNCINvNtCshVE6m5yoyjE_8devsweep5utils12get_dir_sizeRNtNtCsiThrkg7suPy_3std4path4PathEs0_0B6_
FNDA:30620,_RNCINvNtCshVE6m5yoyjE_8devsweep5utils12get_dir_sizeRNtNtCsiThrkg7suPy_3std4path4PathEs1_0B6_
FNDA:34020,_RNCINvNtCshVE6m5yoyjE_8devsweep5utils12get_dir_sizeRNtNtCsiThrkg7suPy_3std4path4PathEs_0B6_
FNDA:2307529,_RNCINvNtCshVE6m5yoyjE_8devsweep5utils12get_dir_sizeRNtNtCsiThrkg7suPy_3std4path7PathBufE0B6_
FNDA:1997647,_RNCINvNtCshVE6m5yoyjE_8devsweep5utils12get_dir_sizeRNtNtCsiThrkg7suPy_3std4path7PathBufEs0_0B6_
FNDA:1997647,_RNCINvNtCshVE6m5yoyjE_8devsweep5utils12get_dir_sizeRNtNtCsiThrkg7suPy_3std4path7PathBufEs1_0B6_
FNDA:2307439,_RNCINvNtCshVE6m5yoyjE_8devsweep5utils12get_dir_sizeRNtNtCsiThrkg7suPy_3std4path7PathBufEs_0B6_
FNDA:32883,_RNCNCNCNvNtCshVE6m5yoyjE_8devsweep5utils13sort_versions000B9_
FNDA:15826,_RNCNCNCNvNtCshVE6m5yoyjE_8devsweep5utils13sort_versions00s_0B9_
FNDA:5352,_RNCNCNvNtCshVE6m5yoyjE_8devsweep5utils13sort_versions00B7_
FNDA:72,_RNCNvNtCshVE6m5yoyjE_8devsweep5utils11run_command0B5_
FNDA:62,_RNCNvNtCshVE6m5yoyjE_8devsweep5utils11run_commands_0B5_
FNDA:2676,_RNCNvNtCshVE6m5yoyjE_8devsweep5utils13sort_versions0B5_
FNDA:962,_RNvNtCshVE6m5yoyjE_8devsweep5utils11format_size
FNDA:72,_RNvNtCshVE6m5yoyjE_8devsweep5utils11run_command
FNDA:331,_RNvNtCshVE6m5yoyjE_8devsweep5utils13sort_versions
FNDA:131,_RNvNtCshVE6m5yoyjE_8devsweep5utils8home_dir
FNDA:1,_RNvNtNtCs3mbXwXxPNJN_8devsweep5utils5testss_16test_format_size
FNDA:1,_RNvNtNtCs3mbXwXxPNJN_8devsweep5utils5testss_18test_sort_versions
FNDA:18,_RNvNtCs3mbXwXxPNJN_8devsweep5utils11format_size
FNDA:16,_RNvNtCs3mbXwXxPNJN_8devsweep5utils11run_command
FNDA:1,_RNvNtCs3mbXwXxPNJN_8devsweep5utils13sort_versions
FNDA:8,_RNvNtCs3mbXwXxPNJN_8devsweep5utils8home_dir
FNDA:21,_RINvNtCs3mbXwXxPNJN_8devsweep5utils12get_dir_sizeRNtNtCsiThrkg7suPy_3std4path7PathBufEB4_
FNDA:22652,_RNCINvNtCs3mbXwXxPNJN_8devsweep5utils12get_dir_sizeRNtNtCsiThrkg7suPy_3std4path7PathBufE0B6_
FNDA:18648,_RNCINvNtCs3mbXwXxPNJN_8devsweep5utils12get_dir_sizeRNtNtCsiThrkg7suPy_3std4path7PathBufEs0_0B6_
FNDA:18648,_RNCINvNtCs3mbXwXxPNJN_8devsweep5utils12get_dir_sizeRNtNtCsiThrkg7suPy_3std4path7PathBufEs1_0B6_
FNDA:22652,_RNCINvNtCs3mbXwXxPNJN_8devsweep5utils12get_dir_sizeRNtNtCsiThrkg7suPy_3std4path7PathBufEs_0B6_
FNDA:63,_RNCNCNCNvNtCs3mbXwXxPNJN_8devsweep5utils13sort_versions000B9_
FNDA:36,_RNCNCNCNvNtCs3mbXwXxPNJN_8devsweep5utils13sort_versions00s_0B9_
FNDA:12,_RNCNCNvNtCs3mbXwXxPNJN_8devsweep5utils13sort_versions00B7_
FNDA:16,_RNCNvNtCs3mbXwXxPNJN_8devsweep5utils11run_command0B5_
FNDA:16,_RNCNvNtCs3mbXwXxPNJN_8devsweep5utils11run_commands_0B5_
FNDA:6,_RNCNvNtCs3mbXwXxPNJN_8devsweep5utils13sort_versions0B5_
FNF:17
FNH:17
DA:8,980
DA:9,980
DA:10,980
DA:13,4514
DA:14,4514
DA:15,4514
DA:16,0
DA:17,4514
DA:19,4514
DA:20,4514
DA:21,4514
DA:22,2628181
DA:23,2628091
DA:24,2266825
DA:25,2266825
DA:26,4514
DA:27,4514
DA:30,88
DA:31,88
DA:32,88
DA:33,88
DA:34,88
DA:35,88
DA:36,88
DA:37,88
DA:40,139
DA:41,139
DA:42,139
DA:45,332
DA:46,2682
DA:47,5364
DA:48,32946
DA:49,15862
DA:50,5364
DA:51,5364
DA:52,2682
DA:53,2682
DA:54,2682
DA:55,2682
DA:56,332
DA:63,1
DA:64,1
DA:66,1
DA:69,1
DA:70,1
DA:71,1
DA:72,1
DA:75,1
DA:76,1
DA:77,1
DA:78,1
DA:79,1
DA:80,1
DA:82,1
DA:83,1
DA:84,1
DA:85,1
DA:86,1
DA:87,1
BRF:0
BRH:0
LF:69
LH:68
end_of_record